<?xml version="1.0" encoding="UTF-8"?>
<testsuite xmlns:xsi="http://www.w3.org/2001/XMLSchema-instance" xsi:noNamespaceSchemaLocation="https://maven.apache.org/surefire/maven-surefire-plugin/xsd/surefire-test-report.xsd" version="3.0.2" name="avvillas.core.service.implementations.extract_generation_impl.PdfGenerationServiceImplTest" time="0.392" tests="1" errors="0" skipped="0" failures="1">
  <properties>
[...]
</properties>
  <testcase name="generatePdf_success_minimalHtml" classname="avvillas.core.service.implementations.extract_generation_impl.PdfGenerationServiceImplTest" time="0.373">
    <failure message="Returned PDF should not be empty ==&gt; expected: &lt;true&gt; but was: &lt;false&gt;" type="org.opentest4j.AssertionFailedError"><![CDATA[org.opentest4j.AssertionFailedError: Returned PDF should not be empty ==> expected: <true> but was: <false>
	at org.junit.jupiter.api.AssertionFailureBuilder.build(AssertionFailureBuilder.java:151)
	at org.junit.jupiter.api.AssertionFailureBuilder.buildAndThrow(AssertionFailureBuilder.java:132)
	at org.junit.jupiter.api.AssertTrue.failNotTrue(AssertTrue.java:63)
	at org.junit.jupiter.api.AssertTrue.assertTrue(AssertTrue.java:36)
	at org.junit.jupiter.api.Assertions.assertTrue(Assertions.java:214)
	at avvillas.core.service.implementations.extract_generation_impl.PdfGenerationServiceImplTest.generatePdf_success_minimalHtml(PdfGenerationServiceImplTest.java:42)
	at java.base/java.lang.reflect.Method.invoke(Method.java:580)
	at java.base/java.util.ArrayList.forEach(ArrayList.java:1596)
	at java.base/java.util.ArrayList.forEach(ArrayList.java:1596)
]]></failure>
    <system-out><![CDATA[11:38:54.167 [main] ERROR avvillas.core.service.implementations.extract_generation_impl.PdfGenerationServiceImpl -- Fallo al generar PDF en memoria para el cliente [test-file]: Can't load the XML resource (using TRaX transformer). org.xml.sax.SAXParseException; lineNumber: 1; columnNumber: 37; El tipo de elemento "meta" debe finalizar por la etiqueta final coincidente "</meta>".
]]></system-out>
    <system-err><![CDATA[com.openhtmltopdf.load INFO:: SAX XMLReader in use (parser): com.sun.org.apache.xerces.internal.jaxp.SAXParserImpl$JAXPSAXParser
com.openhtmltopdf.load INFO:: SAX XMLReader in use (parser): com.sun.org.apache.xerces.internal.jaxp.SAXParserImpl$JAXPSAXParser
com.openhtmltopdf.load INFO:: El tipo de elemento "meta" debe finalizar por la etiqueta final coincidente "</meta>".
com.openhtmltopdf.exception WARNING:: Unhandled exception. Can't load the XML resource (using TRaX transformer). org.xml.sax.SAXParseException; lineNumber: 1; columnNumber: 37; El tipo de elemento "meta" debe finalizar por la etiqueta final coincidente "</meta>". => javax.xml.transform.TransformerException:: org.xml.sax.SAXParseException; lineNumber: 1; columnNumber: 37; El tipo de elemento "meta" debe finalizar por la etiqueta final coincidente "</meta>".
]]></system-err>
  </testcase>
</testsuite>