<?xml version="1.0" encoding="UTF-8"?>
<testsuite xmlns:xsi="http://www.w3.org/2001/XMLSchema-instance" xsi:noNamespaceSchemaLocation="https://maven.apache.org/surefire/maven-surefire-plugin/xsd/surefire-test-report.xsd" version="3.0.2" name="avvillas.core.web.controller.index_file.IndexFileControllerTest" time="14.725" tests="1" errors="0" skipped="0" failures="0">
  <properties>
[...]
</properties>
  <testcase name="shouldGenerateIndexFile" classname="avvillas.core.web.controller.index_file.IndexFileControllerTest" time="0.142">
    <system-out><![CDATA[16:51:24.849 [main] INFO org.springframework.test.context.support.AnnotationConfigContextLoaderUtils -- Could not detect default configuration classes for test class [avvillas.core.web.controller.index_file.IndexFileControllerTest]: IndexFileControllerTest does not declare any static, non-private, non-final, nested classes annotated with @Configuration.
16:51:24.973 [main] INFO org.springframework.boot.test.context.SpringBootTestContextBootstrapper -- Found @SpringBootConfiguration avvillas.core.CoreApplication for test class avvillas.core.web.controller.index_file.IndexFileControllerTest

  .   ____          _            __ _ _
 /\\ / ___'_ __ _ _(_)_ __  __ _ \ \ \ \
( ( )\___ | '_ | '_| | '_ \/ _` | \ \ \ \
 \\/  ___)| |_)| | | | | || (_| |  ) ) ) )
  '  |____| .__|_| |_|_| |_\__, | / / / /
 =========|_|==============|___/=/_/_/_/

 :: Spring Boot ::                (v3.4.2)

2025-09-25T16:51:25.348-05:00  INFO 5022 --- [core] [           main] a.c.w.c.i.IndexFileControllerTest        : Starting IndexFileControllerTest using Java 21.0.6 with PID 5022 (started by nicolassanchez in /Users/nicolassanchez/Desktop/messages_app)
2025-09-25T16:51:25.349-05:00  INFO 5022 --- [core] [           main] a.c.w.c.i.IndexFileControllerTest        : The following 1 profile is active: "test"
2025-09-25T16:51:25.872-05:00  INFO 5022 --- [core] [           main] .s.d.r.c.RepositoryConfigurationDelegate : Bootstrapping Spring Data JPA repositories in DEFAULT mode.
2025-09-25T16:51:25.933-05:00  INFO 5022 --- [core] [           main] .s.d.r.c.RepositoryConfigurationDelegate : Finished Spring Data repository scanning in 54 ms. Found 4 JPA repository interfaces.
2025-09-25T16:51:27.557-05:00  INFO 5022 --- [core] [           main] com.zaxxer.hikari.HikariDataSource       : HikariPool-1 - Starting...
2025-09-25T16:51:28.862-05:00  INFO 5022 --- [core] [           main] com.zaxxer.hikari.pool.HikariPool        : HikariPool-1 - Added connection oracle.jdbc.driver.T4CConnection@5a6e1d26
2025-09-25T16:51:28.863-05:00  INFO 5022 --- [core] [           main] com.zaxxer.hikari.HikariDataSource       : HikariPool-1 - Start completed.
2025-09-25T16:51:28.960-05:00  INFO 5022 --- [core] [           main] org.flywaydb.core.FlywayExecutor         : Database: jdbc:oracle:thin:@(DESCRIPTION=(LOAD_BALANCE=ON)(ADDRESS=(PROTOCOL=TCP)(HOST=142.93.9.150)(PORT=1521))(CONNECT_DATA=(SERVICE_NAME=XE))) (Oracle 21.3)
2025-09-25T16:51:29.946-05:00  INFO 5022 --- [core] [           main] o.f.core.internal.command.DbValidate     : Successfully validated 2 migrations (execution time 00:00.199s)
2025-09-25T16:51:30.829-05:00  INFO 5022 --- [core] [           main] o.f.core.internal.command.DbMigrate      : Current version of schema "CORE": 1
2025-09-25T16:51:30.997-05:00  INFO 5022 --- [core] [           main] o.f.core.internal.command.DbMigrate      : Schema "CORE" is up to date. No migration necessary.
2025-09-25T16:51:31.267-05:00  INFO 5022 --- [core] [           main] o.hibernate.jpa.internal.util.LogHelper  : HHH000204: Processing PersistenceUnitInfo [name: default]
2025-09-25T16:51:31.314-05:00  INFO 5022 --- [core] [           main] org.hibernate.Version                    : HHH000412: Hibernate ORM core version 6.6.5.Final
2025-09-25T16:51:31.340-05:00  INFO 5022 --- [core] [           main] o.h.c.internal.RegionFactoryInitiator    : HHH000026: Second-level cache disabled
2025-09-25T16:51:31.436-05:00  INFO 5022 --- [core] [           main] o.s.o.j.p.SpringPersistenceUnitInfo      : No LoadTimeWeaver setup: ignoring JPA class transformer
2025-09-25T16:51:31.754-05:00  WARN 5022 --- [core] [           main] org.hibernate.orm.deprecation            : HHH90000025: OracleDialect does not need to be specified explicitly using 'hibernate.dialect' (remove the property setting and it will be selected by default)
2025-09-25T16:51:31.945-05:00  INFO 5022 --- [core] [           main] org.hibernate.orm.connections.pooling    : HHH10001005: Database info:
	Database JDBC URL [Connecting through datasource 'HikariDataSource (HikariPool-1)']
	Database driver: undefined/unknown
	Database version: 21.3
	Autocommit mode: undefined/unknown
	Isolation level: undefined/unknown
	Minimum pool size: undefined/unknown
	Maximum pool size: undefined/unknown
2025-09-25T16:51:32.643-05:00  INFO 5022 --- [core] [           main] o.h.e.t.j.p.i.JtaPlatformInitiator       : HHH000489: No JTA platform available (set 'hibernate.transaction.jta.platform' to enable JTA platform integration)
2025-09-25T16:51:37.642-05:00  INFO 5022 --- [core] [           main] j.LocalContainerEntityManagerFactoryBean : Initialized JPA EntityManagerFactory for persistence unit 'default'
2025-09-25T16:51:37.874-05:00  INFO 5022 --- [core] [           main] o.s.d.j.r.query.QueryEnhancerFactory     : Hibernate is in classpath; If applicable, HQL parser will be used.
2025-09-25T16:51:38.440-05:00  INFO 5022 --- [core] [           main] a.core.web.configuration.AsyncConfig     : [CONF] - Configurando ProducerTaskExecutor: CoreSize=2, MaxSize=4, QueueCapacity=100, Name=ExtractProducer-
2025-09-25T16:51:38.447-05:00  INFO 5022 --- [core] [           main] a.core.web.configuration.AsyncConfig     : [CONF] - Configurando ConsumerTaskExecutor: CoreSize=4, MaxSize=8, QueueCapacity=100, Name=ExtractConsumer-
2025-09-25T16:51:38.852-05:00  WARN 5022 --- [core] [           main] JpaBaseConfiguration$JpaWebConfiguration : spring.jpa.open-in-view is enabled by default. Therefore, database queries may be performed during view rendering. Explicitly configure spring.jpa.open-in-view to disable this warning
2025-09-25T16:51:39.254-05:00  INFO 5022 --- [core] [           main] o.s.b.t.m.w.SpringBootMockServletContext : Initializing Spring TestDispatcherServlet ''
2025-09-25T16:51:39.255-05:00  INFO 5022 --- [core] [           main] o.s.t.web.servlet.TestDispatcherServlet  : Initializing Servlet ''
2025-09-25T16:51:39.255-05:00  INFO 5022 --- [core] [           main] o.s.t.web.servlet.TestDispatcherServlet  : Completed initialization in 0 ms
2025-09-25T16:51:39.274-05:00  INFO 5022 --- [core] [           main] a.c.w.c.i.IndexFileControllerTest        : Started IndexFileControllerTest in 14.182 seconds (process running for 15.035)
]]></system-out>
    <system-err><![CDATA[Mockito is currently self-attaching to enable the inline-mock-maker. This will no longer work in future releases of the JDK. Please add Mockito as an agent to your build what is described in Mockito's documentation: https://javadoc.io/doc/org.mockito/mockito-core/latest/org/mockito/Mockito.html#0.3
WARNING: A Java agent has been loaded dynamically (/Users/nicolassanchez/.m2/repository/net/bytebuddy/byte-buddy-agent/1.15.11/byte-buddy-agent-1.15.11.jar)
WARNING: If a serviceability tool is in use, please run with -XX:+EnableDynamicAgentLoading to hide this warning
WARNING: If a serviceability tool is not in use, please run with -Djdk.instrument.traceUsage for more information
WARNING: Dynamic loading of agents will be disallowed by default in a future release
]]></system-err>
  </testcase>
</testsuite>