TN:
SF:src/App.tsx
FN:9,(anonymous_7)
FN:14,(anonymous_8)
FN:19,(anonymous_9)
FN:31,(anonymous_10)
FNF:4
FNH:4
FNDA:2,(anonymous_7)
FNDA:2,(anonymous_8)
FNDA:2,(anonymous_9)
FNDA:1,(anonymous_10)
DA:1,1
DA:2,1
DA:3,1
DA:4,1
DA:5,1
DA:6,1
DA:9,1
DA:10,2
DA:14,2
DA:15,2
DA:17,2
DA:19,2
DA:20,2
DA:23,2
DA:31,1
DA:46,1
LF:16
LH:16
BRDA:20,0,0,1
BRDA:20,0,1,1
BRDA:23,1,0,1
BRDA:23,1,1,1
BRDA:26,2,0,0
BRDA:26,2,1,1
BRDA:27,3,0,1
BRDA:27,3,1,0
BRF:8
BRH:6
end_of_record
TN:
SF:src/main.tsx
FNF:0
FNH:0
DA:1,0
DA:2,0
DA:3,0
DA:4,0
DA:5,0
DA:6,0
DA:7,0
DA:8,0
DA:10,0
LF:9
LH:0
BRF:0
BRH:0
end_of_record
TN:
SF:src/router.tsx
FN:6,(anonymous_1)
FN:9,(anonymous_2)
FN:11,(anonymous_3)
FNF:3
FNH:0
FNDA:0,(anonymous_1)
FNDA:0,(anonymous_2)
FNDA:0,(anonymous_3)
DA:1,0
DA:2,0
DA:3,0
DA:4,0
DA:6,0
DA:7,0
DA:9,0
DA:10,0
DA:11,0
DA:12,0
DA:14,0
DA:22,0
DA:25,0
DA:34,0
LF:14
LH:0
BRDA:10,0,0,0
BRDA:10,0,1,0
BRF:2
BRH:0
end_of_record
TN:
SF:src/api/AuditConsultation.ts
FN:4,(anonymous_1)
FNF:1
FNH:0
FNDA:0,(anonymous_1)
DA:2,1
DA:4,1
LF:2
LH:2
BRF:0
BRH:0
end_of_record
TN:
SF:src/api/ExecutingIndexGeneration.ts
FN:4,(anonymous_1)
FN:5,(anonymous_2)
FNF:2
FNH:0
FNDA:0,(anonymous_1)
FNDA:0,(anonymous_2)
DA:2,12
DA:4,12
DA:5,12
LF:3
LH:3
BRF:0
BRH:0
end_of_record
TN:
SF:src/api/ExecutionAssistedProcess.ts
FN:4,(anonymous_1)
FN:5,(anonymous_2)
FN:6,(anonymous_3)
FNF:3
FNH:0
FNDA:0,(anonymous_1)
FNDA:0,(anonymous_2)
FNDA:0,(anonymous_3)
DA:2,11
DA:4,11
DA:5,11
DA:6,11
LF:4
LH:4
BRF:0
BRH:0
end_of_record
TN:
SF:src/api/ExitPaths.ts
FN:4,(anonymous_1)
FN:5,(anonymous_2)
FN:6,(anonymous_3)
FN:7,(anonymous_4)
FNF:4
FNH:0
FNDA:0,(anonymous_1)
FNDA:0,(anonymous_2)
FNDA:0,(anonymous_3)
FNDA:0,(anonymous_4)
DA:2,12
DA:4,12
DA:5,12
DA:6,12
DA:7,12
LF:5
LH:5
BRF:0
BRH:0
end_of_record
TN:
SF:src/api/FetchClient.ts
FN:8,(anonymous_1)
FN:11,(anonymous_2)
FN:15,(anonymous_3)
FN:39,(anonymous_4)
FN:44,(anonymous_5)
FN:48,(anonymous_6)
FN:52,(anonymous_7)
FN:56,(anonymous_8)
FN:60,(anonymous_9)
FN:64,(anonymous_10)
FNF:10
FNH:0
FNDA:0,(anonymous_1)
FNDA:0,(anonymous_2)
FNDA:0,(anonymous_3)
FNDA:0,(anonymous_4)
FNDA:0,(anonymous_5)
FNDA:0,(anonymous_6)
FNDA:0,(anonymous_7)
FNDA:0,(anonymous_8)
FNDA:0,(anonymous_9)
FNDA:0,(anonymous_10)
DA:3,0
DA:4,0
DA:6,0
DA:9,0
DA:12,0
DA:23,0
DA:25,0
DA:27,0
DA:32,0
DA:33,0
DA:39,0
DA:40,0
DA:45,0
DA:49,0
DA:53,0
DA:57,0
DA:61,0
DA:65,0
DA:69,0
LF:19
LH:0
BRDA:23,0,0,0
BRDA:23,0,1,0
BRDA:29,1,0,0
BRDA:29,1,1,0
BRDA:32,2,0,0
BRDA:32,2,1,0
BRDA:35,3,0,0
BRDA:35,3,1,0
BRDA:40,4,0,0
BRDA:40,4,1,0
BRDA:44,5,0,0
BRDA:44,6,0,0
BRDA:48,7,0,0
BRDA:48,8,0,0
BRDA:48,9,0,0
BRDA:52,10,0,0
BRDA:52,11,0,0
BRDA:52,12,0,0
BRDA:56,13,0,0
BRDA:56,14,0,0
BRDA:56,15,0,0
BRDA:60,16,0,0
BRDA:60,17,0,0
BRDA:64,18,0,0
BRF:24
BRH:0
end_of_record
TN:
SF:src/api/ManageContentProduct.ts
FN:4,(anonymous_1)
FN:6,(anonymous_2)
FN:9,(anonymous_3)
FN:12,(anonymous_4)
FNF:4
FNH:0
FNDA:0,(anonymous_1)
FNDA:0,(anonymous_2)
FNDA:0,(anonymous_3)
FNDA:0,(anonymous_4)
DA:2,14
DA:4,14
DA:6,14
DA:7,0
DA:9,14
DA:10,0
DA:12,14
LF:7
LH:5
BRF:0
BRH:0
end_of_record
TN:
SF:src/api/ObjectManageFormat.ts
FN:4,(anonymous_1)
FN:6,(anonymous_2)
FN:9,(anonymous_3)
FN:11,(anonymous_4)
FNF:4
FNH:0
FNDA:0,(anonymous_1)
FNDA:0,(anonymous_2)
FNDA:0,(anonymous_3)
FNDA:0,(anonymous_4)
DA:2,12
DA:4,12
DA:6,12
DA:7,0
DA:9,12
DA:11,12
DA:12,0
LF:7
LH:5
BRF:0
BRH:0
end_of_record
TN:
SF:src/api/PathsDataFiles.ts
FN:4,(anonymous_1)
FN:6,(anonymous_2)
FN:9,(anonymous_3)
FNF:3
FNH:0
FNDA:0,(anonymous_1)
FNDA:0,(anonymous_2)
FNDA:0,(anonymous_3)
DA:2,12
DA:4,12
DA:6,12
DA:7,0
DA:9,12
DA:10,0
LF:6
LH:4
BRF:0
BRH:0
end_of_record
TN:
SF:src/api/Pdf.ts
FN:4,(anonymous_1)
FN:5,(anonymous_2)
FN:6,(anonymous_3)
FN:7,(anonymous_4)
FNF:4
FNH:0
FNDA:0,(anonymous_1)
FNDA:0,(anonymous_2)
FNDA:0,(anonymous_3)
FNDA:0,(anonymous_4)
DA:2,11
DA:4,11
DA:5,11
DA:6,11
DA:7,11
LF:5
LH:5
BRF:0
BRH:0
end_of_record
TN:
SF:src/api/ProductInput.ts
FN:4,(anonymous_1)
FN:5,(anonymous_2)
FN:6,(anonymous_3)
FN:7,(anonymous_4)
FNF:4
FNH:0
FNDA:0,(anonymous_1)
FNDA:0,(anonymous_2)
FNDA:0,(anonymous_3)
FNDA:0,(anonymous_4)
DA:2,15
DA:4,15
DA:5,15
DA:6,15
DA:7,15
LF:5
LH:5
BRF:0
BRH:0
end_of_record
TN:
SF:src/api/ProductsManagement.ts
FN:4,(anonymous_1)
FN:6,(anonymous_2)
FN:9,(anonymous_3)
FNF:3
FNH:0
FNDA:0,(anonymous_1)
FNDA:0,(anonymous_2)
FNDA:0,(anonymous_3)
DA:2,14
DA:4,14
DA:6,14
DA:7,0
DA:9,14
DA:10,0
LF:6
LH:4
BRF:0
BRH:0
end_of_record
TN:
SF:src/api/QueryingHistoricalProcesses.ts
FN:4,(anonymous_1)
FNF:1
FNH:0
FNDA:0,(anonymous_1)
DA:2,1
DA:4,1
LF:2
LH:2
BRF:0
BRH:0
end_of_record
TN:
SF:src/api/Urls.ts
FN:10,(anonymous_0)
FN:11,(anonymous_1)
FN:12,(anonymous_2)
FN:16,(anonymous_3)
FN:18,(anonymous_4)
FN:21,(anonymous_5)
FN:22,(anonymous_6)
FN:23,(anonymous_7)
FN:25,(anonymous_8)
FN:28,(anonymous_9)
FN:29,(anonymous_10)
FN:30,(anonymous_11)
FN:32,(anonymous_12)
FN:35,(anonymous_13)
FN:38,(anonymous_14)
FN:41,(anonymous_15)
FN:43,(anonymous_16)
FN:46,(anonymous_17)
FN:47,(anonymous_18)
FN:50,(anonymous_19)
FN:52,(anonymous_20)
FN:53,(anonymous_21)
FN:56,(anonymous_22)
FN:57,(anonymous_23)
FN:58,(anonymous_24)
FN:60,(anonymous_25)
FN:64,(anonymous_26)
FN:67,(anonymous_27)
FN:69,(anonymous_28)
FN:72,(anonymous_29)
FN:76,(anonymous_30)
FN:77,(anonymous_31)
FN:80,(anonymous_32)
FNF:33
FNH:33
FNDA:1,(anonymous_0)
FNDA:1,(anonymous_1)
FNDA:1,(anonymous_2)
FNDA:1,(anonymous_3)
FNDA:1,(anonymous_4)
FNDA:1,(anonymous_5)
FNDA:1,(anonymous_6)
FNDA:1,(anonymous_7)
FNDA:1,(anonymous_8)
FNDA:1,(anonymous_9)
FNDA:1,(anonymous_10)
FNDA:1,(anonymous_11)
FNDA:1,(anonymous_12)
FNDA:1,(anonymous_13)
FNDA:1,(anonymous_14)
FNDA:1,(anonymous_15)
FNDA:1,(anonymous_16)
FNDA:1,(anonymous_17)
FNDA:1,(anonymous_18)
FNDA:1,(anonymous_19)
FNDA:1,(anonymous_20)
FNDA:1,(anonymous_21)
FNDA:1,(anonymous_22)
FNDA:1,(anonymous_23)
FNDA:1,(anonymous_24)
FNDA:1,(anonymous_25)
FNDA:1,(anonymous_26)
FNDA:1,(anonymous_27)
FNDA:1,(anonymous_28)
FNDA:1,(anonymous_29)
FNDA:1,(anonymous_30)
FNDA:2,(anonymous_31)
FNDA:1,(anonymous_32)
DA:3,33
DA:5,33
DA:10,1
DA:11,1
DA:12,1
DA:16,1
DA:18,1
DA:21,1
DA:22,1
DA:23,1
DA:25,1
DA:28,1
DA:29,1
DA:30,1
DA:32,1
DA:35,1
DA:38,1
DA:41,1
DA:43,1
DA:46,1
DA:47,1
DA:50,1
DA:52,1
DA:53,1
DA:56,1
DA:57,1
DA:58,1
DA:60,1
DA:64,1
DA:67,1
DA:69,1
DA:72,1
DA:76,1
DA:77,2
DA:80,1
LF:35
LH:35
BRF:0
BRH:0
end_of_record
TN:
SF:src/api/UserRoles.ts
FN:4,(anonymous_1)
FN:5,(anonymous_2)
FNF:2
FNH:0
FNDA:0,(anonymous_1)
FNDA:0,(anonymous_2)
DA:2,13
DA:4,13
DA:5,13
LF:3
LH:3
BRF:0
BRH:0
end_of_record
TN:
SF:src/api/UsersManagement.ts
FN:4,(anonymous_1)
FN:6,(anonymous_2)
FN:9,(anonymous_3)
FNF:3
FNH:0
FNDA:0,(anonymous_1)
FNDA:0,(anonymous_2)
FNDA:0,(anonymous_3)
DA:2,12
DA:4,12
DA:6,12
DA:7,0
DA:9,12
DA:10,0
LF:6
LH:4
BRF:0
BRH:0
end_of_record
TN:
SF:src/api/inputFileUpload.ts
FN:4,(anonymous_1)
FN:5,(anonymous_2)
FNF:2
FNH:0
FNDA:0,(anonymous_1)
FNDA:0,(anonymous_2)
DA:2,12
DA:4,12
DA:5,12
LF:3
LH:3
BRF:0
BRH:0
end_of_record
TN:
SF:src/components/breadcrumb/Breadcrumb.tsx
FN:5,(anonymous_1)
FN:8,(anonymous_2)
FNF:2
FNH:2
FNDA:53,(anonymous_1)
FNDA:106,(anonymous_2)
DA:1,9
DA:2,9
DA:5,9
DA:6,53
DA:9,106
LF:5
LH:5
BRDA:5,0,0,52
BRDA:10,1,0,106
BRDA:10,1,1,53
BRF:3
BRH:3
end_of_record
TN:
SF:src/components/button/Button.tsx
FN:7,(anonymous_1)
FN:20,(anonymous_2)
FN:36,(anonymous_3)
FNF:3
FNH:3
FNDA:83,(anonymous_1)
FNDA:83,(anonymous_2)
FNDA:1,(anonymous_3)
DA:1,10
DA:2,10
DA:4,10
DA:5,10
DA:7,10
DA:17,83
DA:18,83
DA:20,83
DA:22,83
DA:24,83
DA:25,2
DA:26,81
DA:27,81
DA:29,0
DA:33,83
LF:15
LH:14
BRDA:10,0,0,82
BRDA:13,1,0,83
BRDA:15,2,0,83
BRDA:18,3,0,83
BRDA:18,3,1,25
BRDA:24,4,0,2
BRDA:24,4,1,81
BRDA:24,5,0,83
BRDA:24,5,1,82
BRDA:26,6,0,81
BRDA:26,6,1,0
BRDA:36,7,0,1
BRDA:36,7,1,82
BRDA:39,8,0,83
BRDA:39,8,1,29
BRDA:40,9,0,29
BRDA:40,9,1,54
BRF:17
BRH:16
end_of_record
TN:
SF:src/components/font-size-selector/FontSizeSelector.tsx
FN:7,(anonymous_0)
FN:23,(anonymous_1)
FN:26,(anonymous_2)
FN:33,(anonymous_3)
FN:39,(anonymous_4)
FN:53,(anonymous_5)
FN:59,(anonymous_6)
FN:65,(anonymous_7)
FN:86,(anonymous_8)
FN:94,(anonymous_9)
FN:95,(anonymous_10)
FN:103,(anonymous_11)
FN:121,(anonymous_12)
FN:131,(anonymous_13)
FN:132,(anonymous_14)
FNF:15
FNH:14
FNDA:33,(anonymous_0)
FNDA:0,(anonymous_1)
FNDA:11,(anonymous_2)
FNDA:2,(anonymous_3)
FNDA:5,(anonymous_4)
FNDA:3,(anonymous_5)
FNDA:99,(anonymous_6)
FNDA:98,(anonymous_7)
FNDA:10,(anonymous_8)
FNDA:8,(anonymous_9)
FNDA:10,(anonymous_10)
FNDA:3,(anonymous_11)
FNDA:35,(anonymous_12)
FNDA:4,(anonymous_13)
FNDA:1,(anonymous_14)
DA:1,5
DA:2,5
DA:3,5
DA:4,5
DA:7,5
DA:21,33
DA:22,33
DA:23,33
DA:24,33
DA:26,33
DA:27,11
DA:28,11
DA:29,8
DA:33,33
DA:34,2
DA:35,2
DA:37,2
DA:39,5
DA:41,2
DA:42,1
DA:44,1
DA:46,1
DA:49,2
DA:50,2
DA:53,33
DA:54,3
DA:55,3
DA:56,3
DA:59,33
DA:60,99
DA:61,99
DA:62,99
DA:65,98
DA:69,33
DA:70,32
DA:71,31
DA:73,33
DA:86,10
DA:94,8
DA:96,10
DA:97,2
DA:98,2
DA:103,3
DA:122,35
DA:131,4
DA:132,1
LF:46
LH:46
BRDA:14,0,0,0
BRDA:28,1,0,8
BRDA:28,1,1,3
BRDA:35,2,0,0
BRDA:35,2,1,2
BRDA:37,3,0,1
BRDA:37,3,1,1
BRDA:41,4,0,1
BRDA:41,4,1,1
BRDA:65,5,0,32
BRDA:65,5,1,1
BRDA:65,6,0,33
BRDA:65,6,1,33
BRDA:69,7,0,1
BRDA:69,7,1,32
BRDA:69,8,0,33
BRDA:69,8,1,1
BRDA:69,9,0,1
BRDA:69,9,1,0
BRDA:69,10,0,1
BRDA:69,10,1,1
BRDA:70,11,0,1
BRDA:70,11,1,31
BRDA:70,12,0,32
BRDA:70,12,1,1
BRDA:70,13,0,1
BRDA:70,13,1,0
BRDA:70,14,0,1
BRDA:70,14,1,1
BRDA:75,15,0,33
BRDA:75,15,1,3
BRDA:84,16,0,0
BRDA:84,16,1,33
BRDA:84,17,0,16
BRDA:84,17,1,17
BRDA:86,18,0,10
BRDA:86,18,1,2
BRDA:89,19,0,16
BRDA:89,19,1,17
BRDA:96,20,0,2
BRDA:96,20,1,8
BRDA:108,21,0,1
BRDA:108,21,1,16
BRDA:108,22,0,17
BRDA:108,22,1,15
BRDA:114,23,0,16
BRDA:114,23,1,17
BRDA:117,24,0,33
BRDA:117,24,1,16
BRDA:120,25,0,16
BRDA:120,25,1,15
BRDA:125,26,0,0
BRDA:125,26,1,35
BRDA:131,27,0,4
BRDA:131,27,1,2
BRDA:134,28,0,15
BRDA:134,28,1,20
BRF:57
BRH:51
end_of_record
TN:
SF:src/components/form/Form.tsx
FN:4,(anonymous_1)
FN:5,(anonymous_2)
FNF:2
FNH:1
FNDA:26,(anonymous_1)
FNDA:0,(anonymous_2)
DA:1,22
DA:4,22
DA:5,26
DA:6,0
DA:9,26
LF:5
LH:4
BRF:0
BRH:0
end_of_record
TN:
SF:src/components/icon/Icon.tsx
FN:6,(anonymous_13)
FN:14,(anonymous_14)
FN:14,(anonymous_15)
FN:16,(anonymous_16)
FN:23,(anonymous_17)
FN:27,(anonymous_18)
FN:30,(anonymous_19)
FN:30,(anonymous_20)
FN:53,(anonymous_21)
FN:60,(anonymous_22)
FN:83,(anonymous_23)
FNF:11
FNH:11
FNDA:118,(anonymous_13)
FNDA:21,(anonymous_14)
FNDA:21,(anonymous_15)
FNDA:21,(anonymous_16)
FNDA:21,(anonymous_17)
FNDA:42,(anonymous_18)
FNDA:21,(anonymous_19)
FNDA:21,(anonymous_20)
FNDA:1,(anonymous_21)
FNDA:1,(anonymous_22)
FNDA:1,(anonymous_23)
DA:1,16
DA:2,16
DA:3,16
DA:6,16
DA:7,118
DA:8,118
DA:9,118
DA:10,118
DA:11,118
DA:12,118
DA:14,118
DA:15,21
DA:16,21
DA:17,21
DA:19,0
DA:23,118
DA:24,21
DA:27,118
DA:28,42
DA:30,21
DA:31,21
DA:33,21
DA:34,21
DA:35,21
DA:36,21
DA:38,21
DA:39,0
DA:40,0
DA:41,0
DA:43,21
DA:46,21
DA:50,21
DA:53,118
DA:54,1
DA:55,0
DA:56,0
DA:60,118
DA:61,1
DA:62,0
DA:63,0
DA:67,118
DA:68,65
DA:71,53
DA:83,1
LF:44
LH:36
BRDA:6,0,0,114
BRDA:28,1,0,21
BRDA:28,1,1,21
BRDA:34,2,0,21
BRDA:34,2,1,0
BRDA:38,3,0,0
BRDA:38,3,1,21
BRDA:54,4,0,0
BRDA:54,4,1,1
BRDA:54,5,0,1
BRDA:54,5,1,0
BRDA:61,6,0,0
BRDA:61,6,1,1
BRDA:61,7,0,1
BRDA:61,7,1,0
BRDA:67,8,0,65
BRDA:67,8,1,53
BRDA:76,9,0,0
BRDA:76,9,1,53
BRDA:76,10,0,53
BRDA:76,10,1,53
BRDA:83,11,0,1
BRDA:83,11,1,1
BRDA:83,11,2,1
BRDA:84,12,0,53
BRDA:84,12,1,0
BRF:26
BRH:18
end_of_record
TN:
SF:src/components/modal/DialogModal.tsx
FN:5,(anonymous_0)
FNF:1
FNH:1
FNDA:1,(anonymous_0)
DA:1,9
DA:2,9
DA:3,9
DA:5,9
DA:6,1
DA:7,1
LF:6
LH:6
BRDA:5,0,0,1
BRDA:6,1,0,0
BRDA:6,2,0,1
BRDA:6,2,1,0
BRDA:6,3,0,1
BRDA:6,3,1,1
BRF:6
BRH:4
end_of_record
TN:
SF:src/components/modal/Modal.tsx
FN:6,(anonymous_1)
FNF:1
FNH:1
FNDA:5,(anonymous_1)
DA:1,10
DA:2,10
DA:3,10
DA:6,10
DA:16,5
LF:5
LH:5
BRDA:13,0,0,4
BRDA:21,1,0,5
BRDA:21,1,1,4
BRDA:24,2,0,4
BRDA:24,2,1,3
BRDA:24,3,0,1
BRDA:24,3,1,2
BRDA:24,4,0,3
BRDA:24,4,1,3
BRF:9
BRH:9
end_of_record
TN:
SF:src/components/multi-select/MultiSelect.tsx
FN:7,(anonymous_0)
FN:17,(anonymous_1)
FN:26,(anonymous_2)
FN:27,(anonymous_3)
FN:32,(anonymous_4)
FN:38,(anonymous_5)
FN:42,(anonymous_6)
FN:49,(anonymous_7)
FN:54,(anonymous_8)
FN:55,(anonymous_9)
FNF:10
FNH:9
FNDA:12,(anonymous_0)
FNDA:1,(anonymous_1)
FNDA:5,(anonymous_2)
FNDA:0,(anonymous_3)
FNDA:4,(anonymous_4)
FNDA:12,(anonymous_5)
FNDA:3,(anonymous_6)
FNDA:3,(anonymous_7)
FNDA:3,(anonymous_8)
FNDA:1,(anonymous_9)
DA:1,3
DA:2,3
DA:3,3
DA:4,3
DA:7,3
DA:15,12
DA:17,12
DA:19,12
DA:26,5
DA:28,0
DA:32,4
DA:39,12
DA:42,3
DA:49,3
DA:54,3
DA:55,1
LF:16
LH:15
BRDA:21,0,0,12
BRDA:21,0,1,2
BRDA:28,1,0,0
BRDA:28,1,1,0
BRDA:31,2,0,3
BRDA:31,2,1,9
BRDA:32,3,0,3
BRDA:32,3,1,9
BRDA:34,4,0,4
BRDA:34,4,1,8
BRDA:36,5,0,12
BRDA:36,5,1,4
BRDA:42,6,0,1
BRDA:42,6,1,11
BRDA:44,7,0,8
BRDA:44,7,1,4
BRDA:49,8,0,1
BRDA:49,8,1,11
BRF:18
BRH:16
end_of_record
TN:
SF:src/components/select-search/SelectSearch.tsx
FN:7,(anonymous_0)
FN:23,(anonymous_1)
FN:26,(anonymous_2)
FN:33,(anonymous_3)
FN:35,(anonymous_4)
FN:41,(anonymous_5)
FN:43,(anonymous_6)
FN:45,(anonymous_7)
FN:67,(anonymous_8)
FN:84,(anonymous_9)
FN:87,(anonymous_10)
FN:108,(anonymous_11)
FN:117,(anonymous_12)
FN:121,(anonymous_13)
FNF:14
FNH:14
FNDA:25,(anonymous_0)
FNDA:1,(anonymous_1)
FNDA:9,(anonymous_2)
FNDA:21,(anonymous_3)
FNDA:5,(anonymous_4)
FNDA:68,(anonymous_5)
FNDA:67,(anonymous_6)
FNDA:25,(anonymous_7)
FNDA:4,(anonymous_8)
FNDA:4,(anonymous_9)
FNDA:1,(anonymous_10)
FNDA:16,(anonymous_11)
FNDA:2,(anonymous_12)
FNDA:1,(anonymous_13)
DA:1,8
DA:2,8
DA:3,8
DA:5,8
DA:7,8
DA:21,25
DA:22,25
DA:23,25
DA:24,25
DA:26,25
DA:27,9
DA:28,9
DA:29,6
DA:33,25
DA:34,21
DA:35,6
DA:36,5
DA:41,68
DA:43,67
DA:45,25
DA:46,25
DA:48,25
DA:49,1
DA:50,24
DA:51,10
DA:53,14
DA:59,25
DA:60,24
DA:61,23
DA:63,25
DA:68,4
DA:84,4
DA:87,1
DA:109,16
DA:118,2
DA:119,2
DA:122,1
DA:123,1
DA:124,1
LF:39
LH:39
BRDA:14,0,0,0
BRDA:28,1,0,6
BRDA:28,1,1,3
BRDA:34,2,0,6
BRDA:34,2,1,15
BRDA:34,3,0,21
BRDA:34,3,1,6
BRDA:36,4,0,3
BRDA:36,4,1,2
BRDA:36,5,0,5
BRDA:36,5,1,2
BRDA:43,6,0,24
BRDA:43,6,1,1
BRDA:43,7,0,25
BRDA:43,7,1,25
BRDA:48,8,0,1
BRDA:48,8,1,24
BRDA:50,9,0,10
BRDA:50,9,1,14
BRDA:59,10,0,1
BRDA:59,10,1,24
BRDA:59,11,0,25
BRDA:59,11,1,1
BRDA:59,12,0,1
BRDA:59,12,1,0
BRDA:59,13,0,1
BRDA:59,13,1,1
BRDA:60,14,0,1
BRDA:60,14,1,23
BRDA:60,15,0,24
BRDA:60,15,1,1
BRDA:60,16,0,1
BRDA:60,16,1,0
BRDA:60,17,0,1
BRDA:60,17,1,1
BRDA:68,18,0,1
BRDA:68,18,1,3
BRDA:73,19,0,25
BRDA:73,19,1,15
BRDA:79,20,0,10
BRDA:79,20,1,15
BRDA:92,21,0,12
BRDA:92,21,1,3
BRDA:92,22,0,15
BRDA:92,22,1,13
BRDA:100,23,0,10
BRDA:100,23,1,15
BRDA:104,24,0,25
BRDA:104,24,1,10
BRDA:107,25,0,6
BRDA:107,25,1,4
BRDA:112,26,0,0
BRDA:112,26,1,16
BRDA:122,27,0,1
BRDA:122,27,1,0
BRDA:128,28,0,6
BRDA:128,28,1,10
BRF:57
BRH:52
end_of_record
TN:
SF:src/components/sidebar/Sidebar.tsx
FN:16,(anonymous_7)
FN:20,(anonymous_8)
FN:26,(anonymous_9)
FN:31,(anonymous_10)
FN:32,(anonymous_11)
FN:34,(anonymous_12)
FN:36,(anonymous_13)
FN:45,(anonymous_14)
FN:49,(anonymous_15)
FN:50,(anonymous_16)
FN:56,(anonymous_17)
FN:65,(anonymous_18)
FN:79,(anonymous_19)
FN:87,(anonymous_20)
FN:100,(anonymous_21)
FN:104,(anonymous_22)
FN:107,(anonymous_23)
FN:137,(anonymous_24)
FNF:18
FNH:12
FNDA:9,(anonymous_7)
FNDA:9,(anonymous_8)
FNDA:3,(anonymous_9)
FNDA:3,(anonymous_10)
FNDA:12,(anonymous_11)
FNDA:24,(anonymous_12)
FNDA:3,(anonymous_13)
FNDA:0,(anonymous_14)
FNDA:3,(anonymous_15)
FNDA:3,(anonymous_16)
FNDA:0,(anonymous_17)
FNDA:0,(anonymous_18)
FNDA:36,(anonymous_19)
FNDA:3,(anonymous_20)
FNDA:46,(anonymous_21)
FNDA:0,(anonymous_22)
FNDA:0,(anonymous_23)
FNDA:0,(anonymous_24)
DA:1,1
DA:2,1
DA:3,1
DA:4,1
DA:5,1
DA:6,1
DA:7,1
DA:8,1
DA:9,1
DA:10,1
DA:11,1
DA:12,1
DA:13,1
DA:14,1
DA:16,1
DA:17,9
DA:18,9
DA:19,9
DA:20,9
DA:22,9
DA:23,9
DA:24,9
DA:26,9
DA:27,3
DA:28,3
DA:31,9
DA:32,3
DA:33,12
DA:34,24
DA:35,12
DA:36,3
DA:45,9
DA:46,0
DA:49,9
DA:50,3
DA:56,9
DA:57,0
DA:58,0
DA:59,0
DA:60,0
DA:61,0
DA:65,9
DA:66,0
DA:67,0
DA:70,9
DA:80,36
DA:87,3
DA:101,46
DA:105,0
DA:106,0
DA:107,0
DA:111,0
DA:112,0
DA:113,0
DA:138,0
LF:55
LH:40
BRDA:33,0,0,12
BRDA:33,0,1,0
BRDA:35,1,0,3
BRDA:35,1,1,9
BRDA:57,2,0,0
BRDA:57,2,1,0
BRDA:71,3,0,0
BRDA:71,3,1,9
BRDA:81,4,0,36
BRDA:81,4,1,36
BRDA:85,5,0,8
BRDA:85,5,1,28
BRDA:95,6,0,8
BRDA:95,6,1,28
BRDA:98,7,0,36
BRDA:98,7,1,8
BRDA:106,8,0,0
BRDA:106,8,1,0
BRDA:107,9,0,0
BRDA:107,9,1,0
BRDA:107,9,2,0
BRDA:117,10,0,6
BRDA:117,10,1,40
BRDA:138,11,0,0
BRDA:138,11,1,0
BRDA:143,12,0,9
BRDA:143,12,1,0
BRF:27
BRH:15
end_of_record
TN:
SF:src/components/table/Table.tsx
FN:7,(anonymous_1)
FN:9,(anonymous_2)
FN:11,(anonymous_3)
FNF:3
FNH:2
FNDA:6,(anonymous_1)
FNDA:0,(anonymous_2)
FNDA:6,(anonymous_3)
DA:1,6
DA:2,6
DA:4,6
DA:5,6
DA:7,6
DA:8,6
DA:9,6
DA:11,6
DA:13,6
LF:9
LH:9
BRDA:7,0,0,5
BRDA:9,1,0,0
BRDA:20,2,0,6
BRDA:20,2,1,2
BRDA:20,2,2,1
BRDA:23,3,0,6
BRDA:23,3,1,1
BRF:7
BRH:6
end_of_record
TN:
SF:src/components/table/components/Body.tsx
FN:8,(anonymous_1)
FN:12,(anonymous_2)
FN:20,(anonymous_3)
FN:24,(anonymous_4)
FN:26,(anonymous_5)
FN:50,(anonymous_6)
FNF:6
FNH:0
FNDA:0,(anonymous_1)
FNDA:0,(anonymous_2)
FNDA:0,(anonymous_3)
FNDA:0,(anonymous_4)
FNDA:0,(anonymous_5)
FNDA:0,(anonymous_6)
DA:1,5
DA:3,5
DA:4,5
DA:5,5
DA:6,5
DA:8,5
DA:9,0
DA:10,0
DA:12,0
DA:13,0
DA:15,0
DA:20,0
DA:22,0
DA:25,0
DA:27,0
DA:28,0
DA:29,0
DA:30,0
DA:31,0
DA:33,0
DA:34,0
DA:45,0
DA:47,0
DA:51,0
DA:52,0
LF:25
LH:6
BRDA:8,0,0,0
BRDA:13,1,0,0
BRDA:13,1,1,0
BRDA:13,1,2,0
BRDA:13,1,3,0
BRDA:13,2,0,0
BRDA:13,2,1,0
BRDA:13,3,0,0
BRDA:13,3,1,0
BRDA:15,4,0,0
BRDA:15,4,1,0
BRDA:16,5,0,0
BRDA:16,5,1,0
BRDA:24,6,0,0
BRDA:24,6,1,0
BRDA:24,7,0,0
BRDA:24,7,1,0
BRDA:24,8,0,0
BRDA:24,8,1,0
BRDA:24,9,0,0
BRDA:24,9,1,0
BRDA:27,10,0,0
BRDA:27,11,0,0
BRDA:30,12,0,0
BRDA:30,12,1,0
BRDA:30,13,0,0
BRDA:30,13,1,0
BRDA:30,14,0,0
BRDA:30,14,1,0
BRDA:31,15,0,0
BRDA:31,15,1,0
BRDA:33,16,0,0
BRDA:33,16,1,0
BRDA:36,17,0,0
BRDA:36,17,1,0
BRDA:48,18,0,0
BRDA:48,18,1,0
BRDA:51,19,0,0
BRDA:51,19,1,0
BRDA:51,20,0,0
BRDA:51,20,1,0
BRDA:54,21,0,0
BRDA:54,21,1,0
BRF:43
BRH:0
end_of_record
TN:
SF:src/components/table/components/Header.tsx
FN:4,(anonymous_0)
FN:7,(anonymous_1)
FNF:2
FNH:2
FNDA:4,(anonymous_0)
FNDA:12,(anonymous_1)
DA:1,6
DA:4,6
DA:5,4
DA:8,12
LF:4
LH:4
BRDA:8,0,0,8
BRDA:8,0,1,4
BRDA:13,1,0,8
BRDA:13,1,1,4
BRF:4
BRH:4
end_of_record
TN:
SF:src/components/table/components/Icons.tsx
FN:11,(anonymous_0)
FN:19,(anonymous_1)
FN:19,(anonymous_2)
FN:27,(anonymous_3)
FN:31,(anonymous_4)
FN:34,(anonymous_5)
FN:37,(anonymous_6)
FN:38,(anonymous_7)
FN:41,(anonymous_8)
FN:42,(anonymous_9)
FN:43,(anonymous_10)
FN:47,(anonymous_11)
FN:53,(anonymous_12)
FN:53,(anonymous_13)
FN:55,(anonymous_14)
FN:61,(anonymous_15)
FN:69,(anonymous_16)
FN:80,(anonymous_17)
FN:85,(anonymous_18)
FNF:19
FNH:0
FNDA:0,(anonymous_0)
FNDA:0,(anonymous_1)
FNDA:0,(anonymous_2)
FNDA:0,(anonymous_3)
FNDA:0,(anonymous_4)
FNDA:0,(anonymous_5)
FNDA:0,(anonymous_6)
FNDA:0,(anonymous_7)
FNDA:0,(anonymous_8)
FNDA:0,(anonymous_9)
FNDA:0,(anonymous_10)
FNDA:0,(anonymous_11)
FNDA:0,(anonymous_12)
FNDA:0,(anonymous_13)
FNDA:0,(anonymous_14)
FNDA:0,(anonymous_15)
FNDA:0,(anonymous_16)
FNDA:0,(anonymous_17)
FNDA:0,(anonymous_18)
DA:1,6
DA:2,6
DA:3,6
DA:4,6
DA:5,6
DA:6,6
DA:7,6
DA:8,6
DA:11,6
DA:16,0
DA:20,0
DA:22,0
DA:23,0
DA:25,0
DA:27,0
DA:28,0
DA:30,0
DA:31,0
DA:32,0
DA:34,0
DA:37,0
DA:38,0
DA:41,0
DA:42,0
DA:43,0
DA:44,0
DA:47,0
DA:48,0
DA:49,0
DA:50,0
DA:53,0
DA:55,0
DA:56,0
DA:57,0
DA:60,0
DA:61,0
DA:69,0
DA:71,0
DA:81,0
DA:85,0
LF:40
LH:9
BRDA:13,0,0,0
BRDA:19,1,0,0
BRDA:19,2,0,0
BRDA:28,3,0,0
BRDA:28,3,1,0
BRDA:30,4,0,0
BRDA:30,4,1,0
BRDA:31,5,0,0
BRDA:31,5,1,0
BRDA:38,6,0,0
BRDA:38,6,1,0
BRDA:42,7,0,0
BRDA:42,7,1,0
BRDA:42,8,0,0
BRDA:42,8,1,0
BRDA:42,9,0,0
BRDA:42,9,1,0
BRDA:42,10,0,0
BRDA:42,10,1,0
BRDA:43,11,0,0
BRDA:43,11,1,0
BRDA:69,12,0,0
BRDA:69,12,1,0
BRDA:72,13,0,0
BRDA:72,13,1,0
BRDA:73,14,0,0
BRDA:73,14,1,0
BRDA:82,15,0,0
BRDA:82,15,1,0
BRDA:91,16,0,0
BRDA:91,16,1,0
BRF:31
BRH:0
end_of_record
TN:
SF:src/components/table/components/Input.tsx
FN:11,(anonymous_1)
FN:24,(anonymous_2)
FN:32,(anonymous_3)
FN:36,(anonymous_4)
FN:39,(anonymous_5)
FN:42,(anonymous_6)
FN:43,(anonymous_7)
FN:50,(anonymous_8)
FN:53,(anonymous_9)
FN:54,(anonymous_10)
FN:56,(anonymous_11)
FN:63,(anonymous_12)
FN:74,(anonymous_13)
FN:84,(anonymous_14)
FN:90,(anonymous_15)
FN:92,(anonymous_16)
FN:96,(anonymous_17)
FN:98,(anonymous_18)
FN:100,(anonymous_19)
FN:112,(anonymous_20)
FN:113,(anonymous_21)
FN:117,(anonymous_22)
FN:124,(anonymous_23)
FN:130,(anonymous_24)
FN:139,(anonymous_25)
FN:147,(anonymous_26)
FN:149,(anonymous_27)
FNF:27
FNH:12
FNDA:3,(anonymous_1)
FNDA:1,(anonymous_2)
FNDA:3,(anonymous_3)
FNDA:3,(anonymous_4)
FNDA:6,(anonymous_5)
FNDA:1,(anonymous_6)
FNDA:2,(anonymous_7)
FNDA:12,(anonymous_8)
FNDA:1,(anonymous_9)
FNDA:0,(anonymous_10)
FNDA:2,(anonymous_11)
FNDA:0,(anonymous_12)
FNDA:4,(anonymous_13)
FNDA:2,(anonymous_14)
FNDA:0,(anonymous_15)
FNDA:0,(anonymous_16)
FNDA:0,(anonymous_17)
FNDA:0,(anonymous_18)
FNDA:0,(anonymous_19)
FNDA:0,(anonymous_20)
FNDA:0,(anonymous_21)
FNDA:0,(anonymous_22)
FNDA:0,(anonymous_23)
FNDA:0,(anonymous_24)
FNDA:0,(anonymous_25)
FNDA:0,(anonymous_26)
FNDA:0,(anonymous_27)
DA:1,6
DA:2,6
DA:3,6
DA:5,6
DA:6,6
DA:7,6
DA:9,6
DA:11,6
DA:12,3
DA:14,3
DA:24,1
DA:32,6
DA:33,3
DA:36,6
DA:37,3
DA:38,3
DA:39,6
DA:40,3
DA:42,3
DA:43,2
DA:46,3
DA:50,12
DA:53,1
DA:54,0
DA:57,2
DA:64,0
DA:65,0
DA:75,4
DA:84,6
DA:85,2
DA:90,6
DA:91,0
DA:92,0
DA:93,0
DA:94,0
DA:96,0
DA:97,0
DA:98,0
DA:100,0
DA:103,0
DA:106,0
DA:112,0
DA:113,0
DA:117,0
DA:125,0
DA:126,0
DA:130,0
DA:139,0
DA:147,0
DA:150,0
LF:50
LH:28
BRDA:12,0,0,3
BRDA:16,1,0,0
BRDA:16,1,1,3
BRDA:17,2,0,0
BRDA:17,2,1,0
BRDA:17,3,0,0
BRDA:17,3,1,0
BRDA:20,4,0,1
BRDA:20,4,1,2
BRDA:23,5,0,3
BRDA:23,5,1,0
BRDA:23,6,0,3
BRDA:23,6,1,3
BRDA:23,7,0,0
BRDA:23,7,1,3
BRDA:23,8,0,3
BRDA:23,8,1,3
BRDA:37,9,0,0
BRDA:37,9,1,3
BRDA:37,10,0,3
BRDA:37,10,1,3
BRDA:37,11,0,0
BRDA:37,11,1,3
BRDA:37,12,0,3
BRDA:37,12,1,3
BRDA:38,13,0,0
BRDA:39,14,0,0
BRDA:39,14,1,6
BRDA:39,15,0,6
BRDA:39,15,1,6
BRDA:43,16,0,0
BRDA:43,16,1,2
BRDA:43,17,0,2
BRDA:43,17,1,2
BRDA:48,18,0,0
BRDA:48,18,1,3
BRDA:48,19,0,3
BRDA:48,19,1,3
BRDA:61,20,0,1
BRDA:61,20,1,1
BRDA:62,21,0,0
BRDA:62,21,1,2
BRDA:62,22,0,2
BRDA:62,22,1,0
BRDA:62,23,0,2
BRDA:62,23,1,2
BRDA:64,24,0,0
BRDA:64,24,1,0
BRDA:64,25,0,0
BRDA:64,25,1,0
BRDA:75,26,0,4
BRDA:75,26,1,0
BRDA:75,27,0,4
BRDA:75,27,1,4
BRDA:78,28,0,0
BRDA:78,28,1,3
BRDA:78,29,0,3
BRDA:78,29,1,3
BRDA:93,30,0,0
BRDA:93,30,1,0
BRDA:94,31,0,0
BRDA:94,31,1,0
BRDA:97,32,0,0
BRDA:97,32,1,0
BRDA:111,33,0,0
BRDA:111,33,1,0
BRDA:112,34,0,0
BRDA:112,34,1,0
BRDA:113,35,0,0
BRDA:113,35,1,0
BRDA:116,36,0,0
BRDA:116,36,1,0
BRDA:117,37,0,0
BRDA:117,37,1,0
BRDA:117,38,0,0
BRDA:117,38,1,0
BRDA:120,39,0,0
BRDA:120,39,1,0
BRDA:120,40,0,0
BRDA:120,40,1,0
BRDA:122,41,0,0
BRDA:122,41,1,0
BRDA:122,41,2,0
BRDA:124,42,0,0
BRDA:124,42,1,0
BRDA:124,43,0,0
BRDA:124,43,1,0
BRDA:130,44,0,0
BRDA:130,44,1,0
BRDA:134,45,0,0
BRDA:134,45,1,0
BRDA:139,46,0,0
BRDA:139,46,1,0
BRF:93
BRH:37
end_of_record
TN:
SF:src/components/table/components/Paginator.tsx
FN:11,(anonymous_0)
FN:19,(anonymous_1)
FN:24,(anonymous_2)
FN:29,(anonymous_3)
FN:34,(anonymous_4)
FN:35,(anonymous_5)
FN:40,(anonymous_6)
FN:46,(anonymous_7)
FN:47,(anonymous_8)
FN:53,(anonymous_9)
FNF:10
FNH:8
FNDA:4,(anonymous_0)
FNDA:3,(anonymous_1)
FNDA:4,(anonymous_2)
FNDA:6,(anonymous_3)
FNDA:2,(anonymous_4)
FNDA:0,(anonymous_5)
FNDA:20,(anonymous_6)
FNDA:1,(anonymous_7)
FNDA:0,(anonymous_8)
FNDA:4,(anonymous_9)
DA:1,6
DA:2,6
DA:3,6
DA:4,6
DA:5,6
DA:6,6
DA:7,6
DA:9,6
DA:11,6
DA:15,4
DA:17,4
DA:19,4
DA:20,3
DA:21,3
DA:24,4
DA:25,4
DA:26,4
DA:27,4
DA:29,4
DA:30,6
DA:34,2
DA:35,0
DA:40,4
DA:41,20
DA:46,1
DA:47,0
DA:53,4
DA:54,4
DA:59,4
DA:60,3
DA:63,4
DA:65,4
DA:67,4
DA:68,2
DA:69,2
DA:70,2
DA:74,4
DA:75,3
DA:77,4
DA:78,3
DA:80,4
DA:81,18
DA:82,16
DA:83,16
DA:86,4
DA:88,4
DA:89,2
DA:90,2
DA:92,2
DA:95,4
DA:96,3
DA:99,4
DA:102,4
LF:53
LH:51
BRDA:21,0,0,0
BRDA:21,0,1,3
BRDA:21,1,0,3
BRDA:21,1,1,3
BRDA:33,2,0,3
BRDA:33,2,1,3
BRDA:35,3,0,0
BRDA:35,3,1,0
BRDA:40,4,0,0
BRDA:47,5,0,0
BRDA:47,5,1,0
BRDA:59,6,0,3
BRDA:59,6,1,1
BRDA:65,7,0,4
BRDA:65,7,1,4
BRDA:67,8,0,2
BRDA:67,8,1,2
BRDA:67,9,0,4
BRDA:67,9,1,4
BRDA:69,10,0,2
BRDA:69,10,1,0
BRDA:74,11,0,1
BRDA:74,11,1,3
BRDA:75,12,0,1
BRDA:75,12,1,2
BRDA:77,13,0,1
BRDA:77,13,1,3
BRDA:78,14,0,1
BRDA:78,14,1,2
BRDA:81,15,0,2
BRDA:81,15,1,16
BRDA:81,16,0,18
BRDA:81,16,1,17
BRDA:82,17,0,4
BRDA:82,17,1,12
BRDA:86,18,0,4
BRDA:86,18,1,4
BRDA:88,19,0,2
BRDA:88,19,1,2
BRDA:88,20,0,4
BRDA:88,20,1,4
BRDA:89,21,0,2
BRDA:89,21,1,0
BRDA:95,22,0,3
BRDA:95,22,1,1
BRDA:104,23,0,1
BRDA:104,23,1,3
BRDA:107,24,0,1
BRDA:107,24,1,3
BRF:49
BRH:41
end_of_record
TN:
SF:src/components/table/context/TableContext.tsx
FN:4,(anonymous_0)
FNF:1
FNH:1
FNDA:6,(anonymous_0)
DA:2,7
DA:4,7
DA:5,6
LF:3
LH:3
BRF:0
BRH:0
end_of_record
TN:
SF:src/components/text-input/TextInput.tsx
FN:8,(anonymous_6)
FN:12,(anonymous_7)
FN:28,(anonymous_8)
FN:31,(anonymous_9)
FN:36,(anonymous_10)
FN:44,(anonymous_11)
FN:48,(anonymous_12)
FN:53,(anonymous_13)
FN:79,(anonymous_14)
FNF:9
FNH:3
FNDA:4,(anonymous_6)
FNDA:0,(anonymous_7)
FNDA:0,(anonymous_8)
FNDA:0,(anonymous_9)
FNDA:1,(anonymous_10)
FNDA:0,(anonymous_11)
FNDA:0,(anonymous_12)
FNDA:4,(anonymous_13)
FNDA:0,(anonymous_14)
DA:1,7
DA:2,7
DA:3,7
DA:4,7
DA:6,7
DA:8,7
DA:26,4
DA:27,4
DA:28,4
DA:29,4
DA:31,4
DA:32,0
DA:33,0
DA:36,4
DA:37,1
DA:38,1
DA:39,1
DA:42,4
DA:44,4
DA:45,0
DA:48,4
DA:49,0
DA:50,0
DA:53,4
DA:54,4
DA:55,4
DA:56,4
DA:59,4
DA:63,4
DA:67,4
DA:79,0
LF:31
LH:25
BRDA:10,0,0,0
BRDA:12,1,0,0
BRDA:23,2,0,4
BRDA:24,3,0,4
BRDA:29,4,0,4
BRDA:29,4,1,4
BRDA:29,4,2,3
BRDA:33,5,0,0
BRDA:33,5,1,0
BRDA:33,6,0,0
BRDA:33,6,1,0
BRDA:37,7,0,1
BRDA:37,7,1,0
BRDA:37,7,2,0
BRDA:38,8,0,0
BRDA:38,8,1,1
BRDA:42,9,0,0
BRDA:42,9,1,4
BRDA:45,10,0,0
BRDA:45,10,1,0
BRDA:50,11,0,0
BRDA:50,11,1,0
BRDA:54,12,0,0
BRDA:54,12,1,4
BRDA:55,13,0,0
BRDA:55,13,1,4
BRDA:60,14,0,0
BRDA:60,14,1,4
BRDA:61,15,0,1
BRDA:61,15,1,3
BRDA:64,16,0,0
BRDA:64,16,1,4
BRDA:65,17,0,1
BRDA:65,17,1,3
BRDA:69,18,0,4
BRDA:69,18,1,0
BRDA:79,19,0,0
BRDA:79,19,1,0
BRDA:84,20,0,4
BRDA:84,20,1,3
BRDA:87,21,0,0
BRDA:87,21,1,3
BRDA:104,22,0,4
BRDA:104,22,1,0
BRDA:112,23,0,4
BRDA:112,23,1,0
BRF:46
BRH:22
end_of_record
TN:
SF:src/components/title/Title.tsx
FN:4,(anonymous_1)
FNF:1
FNH:1
FNDA:53,(anonymous_1)
DA:1,9
DA:4,9
DA:5,53
LF:3
LH:3
BRF:0
BRH:0
end_of_record
TN:
SF:src/components/toast/Toast.tsx
FN:7,(anonymous_1)
FNF:1
FNH:1
FNDA:2,(anonymous_1)
DA:1,15
DA:2,15
DA:3,15
DA:4,15
DA:5,15
DA:7,15
DA:14,2
LF:7
LH:7
BRDA:9,0,0,0
BRDA:10,1,0,0
BRDA:16,2,0,1
BRDA:16,2,1,1
BRDA:16,3,0,2
BRDA:16,3,1,2
BRDA:22,4,0,1
BRDA:22,4,1,1
BRF:8
BRH:6
end_of_record
TN:
SF:src/constants/DefaultPlaceholder.ts
FNF:0
FNH:0
DA:1,9
LF:1
LH:1
BRF:0
BRH:0
end_of_record
TN:
SF:src/constants/DefaultSelectOptions.ts
FNF:0
FNH:0
DA:4,6
LF:1
LH:1
BRF:0
BRH:0
end_of_record
TN:
SF:src/constants/Icon.ts
FN:1,(anonymous_0)
FNF:1
FNH:1
FNDA:16,(anonymous_0)
DA:1,16
DA:2,16
DA:3,16
DA:4,16
LF:4
LH:4
BRDA:1,0,0,16
BRDA:1,0,1,16
BRF:2
BRH:2
end_of_record
TN:
SF:src/constants/Login.ts
FN:1,(anonymous_0)
FNF:1
FNH:1
FNDA:13,(anonymous_0)
DA:1,13
DA:2,13
DA:3,13
LF:3
LH:3
BRDA:1,0,0,13
BRDA:1,0,1,13
BRF:2
BRH:2
end_of_record
TN:
SF:src/constants/MaxAndMinValues.tsx
FNF:0
FNH:0
DA:1,15
DA:2,15
DA:3,15
LF:3
LH:3
BRF:0
BRH:0
end_of_record
TN:
SF:src/constants/MenuItems.ts
FNF:0
FNH:0
DA:2,1
DA:3,1
DA:4,1
DA:5,1
DA:6,1
DA:7,1
DA:8,1
DA:9,1
DA:10,1
DA:11,1
DA:12,1
DA:13,1
DA:14,1
DA:15,1
DA:46,1
LF:15
LH:15
BRF:0
BRH:0
end_of_record
TN:
SF:src/constants/ObjectsEditor.ts
FN:23,(anonymous_1)
FN:30,(anonymous_2)
FNF:2
FNH:2
FNDA:10,(anonymous_1)
FNDA:10,(anonymous_2)
DA:3,10
DA:4,10
DA:5,10
DA:6,10
DA:23,10
DA:24,10
DA:25,10
DA:26,10
DA:27,10
DA:30,10
DA:31,10
DA:32,10
DA:33,10
DA:36,10
DA:38,10
DA:50,10
DA:58,10
LF:17
LH:17
BRDA:23,0,0,10
BRDA:23,0,1,10
BRDA:30,1,0,10
BRDA:30,1,1,10
BRF:4
BRH:4
end_of_record
TN:
SF:src/constants/PagesWithoutPadding.ts
FNF:0
FNH:0
DA:1,2
LF:1
LH:1
BRF:0
BRH:0
end_of_record
TN:
SF:src/constants/Paginator.ts
FN:4,(anonymous_0)
FNF:1
FNH:1
FNDA:36,(anonymous_0)
DA:1,36
DA:2,36
DA:4,36
DA:5,36
DA:6,36
DA:7,36
DA:8,36
DA:9,36
LF:8
LH:8
BRDA:4,0,0,36
BRDA:4,0,1,36
BRF:2
BRH:2
end_of_record
TN:
SF:src/constants/Pdf.ts
FN:1,(anonymous_0)
FN:7,(anonymous_1)
FNF:2
FNH:2
FNDA:3,(anonymous_0)
FNDA:3,(anonymous_1)
DA:1,3
DA:2,3
DA:3,3
DA:4,3
DA:7,3
DA:8,3
DA:9,3
DA:10,3
DA:13,3
DA:28,3
DA:46,3
DA:57,3
DA:58,3
DA:59,3
LF:14
LH:14
BRDA:1,0,0,3
BRDA:1,0,1,3
BRDA:7,1,0,3
BRDA:7,1,1,3
BRF:4
BRH:4
end_of_record
TN:
SF:src/constants/ReduxResponse.ts
FN:1,(anonymous_0)
FNF:1
FNH:1
FNDA:9,(anonymous_0)
DA:1,9
DA:2,9
DA:3,9
LF:3
LH:3
BRDA:1,0,0,9
BRDA:1,0,1,9
BRF:2
BRH:2
end_of_record
TN:
SF:src/constants/StatusCodes.ts
FNF:0
FNH:0
DA:1,1
DA:2,1
DA:3,1
DA:4,1
DA:5,1
DA:6,1
DA:7,1
DA:8,1
LF:8
LH:8
BRF:0
BRH:0
end_of_record
TN:
SF:src/constants/Text.ts
FNF:0
FNH:0
DA:1,5
DA:2,5
DA:3,5
LF:3
LH:3
BRF:0
BRH:0
end_of_record
TN:
SF:src/constants/User.ts
FN:5,(anonymous_0)
FNF:1
FNH:1
FNDA:10,(anonymous_0)
DA:1,10
DA:3,10
DA:5,10
DA:6,10
DA:7,10
DA:8,10
LF:6
LH:6
BRDA:5,0,0,10
BRDA:5,0,1,10
BRF:2
BRH:2
end_of_record
TN:
SF:src/constants/Validation.ts
FNF:0
FNH:0
DA:1,19
DA:3,19
DA:5,19
LF:3
LH:3
BRF:0
BRH:0
end_of_record
TN:
SF:src/hooks/useDragAndDrop.ts
FN:8,(anonymous_0)
FN:16,(anonymous_1)
FN:17,(anonymous_2)
FN:20,(anonymous_3)
FN:25,(anonymous_4)
FN:36,(anonymous_5)
FN:50,(anonymous_6)
FN:55,(anonymous_7)
FN:56,(anonymous_8)
FN:58,(anonymous_9)
FN:62,(anonymous_10)
FN:70,(anonymous_11)
FN:75,(anonymous_12)
FN:79,(anonymous_13)
FNF:14
FNH:14
FNDA:15,(anonymous_0)
FNDA:1,(anonymous_1)
FNDA:1,(anonymous_2)
FNDA:3,(anonymous_3)
FNDA:3,(anonymous_4)
FNDA:1,(anonymous_5)
FNDA:1,(anonymous_6)
FNDA:1,(anonymous_7)
FNDA:1,(anonymous_8)
FNDA:2,(anonymous_9)
FNDA:1,(anonymous_10)
FNDA:3,(anonymous_11)
FNDA:8,(anonymous_12)
FNDA:8,(anonymous_13)
DA:1,3
DA:5,3
DA:6,3
DA:8,3
DA:9,15
DA:11,15
DA:12,15
DA:13,15
DA:14,15
DA:16,15
DA:17,1
DA:20,15
DA:21,3
DA:22,3
DA:25,15
DA:26,3
DA:27,3
DA:29,1
DA:36,1
DA:37,1
DA:38,1
DA:46,1
DA:50,15
DA:51,1
DA:52,1
DA:55,15
DA:56,1
DA:58,2
DA:62,15
DA:63,1
DA:64,1
DA:65,1
DA:66,1
DA:67,1
DA:70,15
DA:71,3
DA:74,15
DA:75,8
DA:79,15
DA:81,15
LF:40
LH:40
BRDA:22,0,0,1
BRDA:22,0,1,2
BRDA:22,1,0,3
BRDA:22,1,1,2
BRDA:27,2,0,2
BRDA:27,2,1,1
BRDA:37,3,0,0
BRDA:37,3,1,1
BRDA:37,4,0,1
BRDA:37,4,1,1
BRDA:58,5,0,1
BRDA:58,5,1,0
BRDA:58,6,0,1
BRDA:58,6,1,1
BRDA:58,7,0,0
BRDA:58,7,1,1
BRDA:58,8,0,1
BRDA:58,8,1,1
BRF:18
BRH:15
end_of_record
TN:
SF:src/hooks/useModal.ts
FN:21,(anonymous_0)
FN:24,(anonymous_1)
FN:28,(anonymous_2)
FNF:3
FNH:3
FNDA:9,(anonymous_0)
FNDA:4,(anonymous_1)
FNDA:1,(anonymous_2)
DA:1,2
DA:21,2
DA:22,9
DA:24,9
DA:25,4
DA:28,9
DA:29,1
DA:32,9
LF:8
LH:8
BRF:0
BRH:0
end_of_record
TN:
SF:src/hooks/useOutsideClick.ts
FN:8,(anonymous_0)
FN:11,(anonymous_1)
FN:12,(anonymous_2)
FN:19,(anonymous_3)
FNF:4
FNH:4
FNDA:53,(anonymous_0)
FNDA:53,(anonymous_1)
FNDA:21,(anonymous_2)
FNDA:53,(anonymous_3)
DA:1,18
DA:8,18
DA:9,53
DA:11,53
DA:12,53
DA:13,21
DA:14,2
DA:18,53
DA:19,53
DA:20,53
DA:24,53
LF:11
LH:11
BRDA:13,0,0,2
BRDA:13,0,1,19
BRDA:13,1,0,21
BRDA:13,1,1,21
BRF:4
BRH:4
end_of_record
TN:
SF:src/hooks/useRole.tsx
FN:7,(anonymous_0)
FN:8,(anonymous_1)
FN:11,(anonymous_2)
FNF:3
FNH:3
FNDA:24,(anonymous_0)
FNDA:24,(anonymous_1)
FNDA:24,(anonymous_2)
DA:1,9
DA:3,9
DA:4,9
DA:5,9
DA:7,9
DA:8,24
DA:9,24
DA:11,24
DA:12,24
DA:13,24
DA:14,24
LF:11
LH:11
BRDA:12,0,0,0
BRDA:12,0,1,24
BRDA:13,1,0,0
BRDA:13,1,1,24
BRF:4
BRH:2
end_of_record
TN:
SF:src/hooks/useTableData.ts
FN:23,(anonymous_0)
FN:26,(anonymous_1)
FN:33,(anonymous_2)
FN:34,(anonymous_3)
FN:35,(anonymous_4)
FN:42,(anonymous_5)
FN:46,(anonymous_6)
FN:50,(anonymous_7)
FN:51,(anonymous_8)
FN:51,(anonymous_9)
FN:54,(anonymous_10)
FNF:11
FNH:11
FNDA:13,(anonymous_0)
FNDA:11,(anonymous_1)
FNDA:5,(anonymous_2)
FNDA:11,(anonymous_3)
FNDA:5,(anonymous_4)
FNDA:5,(anonymous_5)
FNDA:5,(anonymous_6)
FNDA:2,(anonymous_7)
FNDA:2,(anonymous_8)
FNDA:4,(anonymous_9)
FNDA:1,(anonymous_10)
DA:1,9
DA:23,9
DA:24,13
DA:26,13
DA:32,13
DA:34,5
DA:35,11
DA:36,11
DA:42,13
DA:43,5
DA:46,13
DA:47,5
DA:50,13
DA:51,4
DA:54,13
DA:56,13
LF:16
LH:16
BRDA:28,0,0,0
BRDA:28,0,1,11
BRDA:28,1,0,11
BRDA:28,1,1,11
BRDA:29,2,0,0
BRDA:29,2,1,11
BRDA:35,3,0,2
BRDA:35,3,1,9
BRDA:35,4,0,11
BRDA:35,4,1,11
BRDA:51,5,0,2
BRDA:51,5,1,2
BRF:12
BRH:10
end_of_record
TN:
SF:src/hooks/useTableOperations.ts
FN:26,(anonymous_0)
FN:42,(anonymous_1)
FN:57,(anonymous_2)
FN:72,(anonymous_3)
FN:76,(anonymous_4)
FN:91,(anonymous_5)
FN:97,(anonymous_6)
FN:98,(anonymous_7)
FN:107,(anonymous_8)
FN:111,(anonymous_9)
FN:131,(anonymous_10)
FN:153,(anonymous_11)
FN:164,(anonymous_12)
FN:166,(anonymous_13)
FN:186,(anonymous_14)
FN:195,(anonymous_15)
FN:213,(anonymous_16)
FN:216,(anonymous_17)
FN:219,(anonymous_18)
FN:224,(anonymous_19)
FN:226,(anonymous_20)
FN:228,(anonymous_21)
FN:234,(anonymous_22)
FN:239,(anonymous_23)
FN:240,(anonymous_24)
FN:242,(anonymous_25)
FN:266,(anonymous_26)
FN:268,(anonymous_27)
FN:271,(anonymous_28)
FNF:29
FNH:29
FNDA:18,(anonymous_0)
FNDA:1,(anonymous_1)
FNDA:2,(anonymous_2)
FNDA:1,(anonymous_3)
FNDA:2,(anonymous_4)
FNDA:1,(anonymous_5)
FNDA:1,(anonymous_6)
FNDA:4,(anonymous_7)
FNDA:2,(anonymous_8)
FNDA:2,(anonymous_9)
FNDA:4,(anonymous_10)
FNDA:6,(anonymous_11)
FNDA:2,(anonymous_12)
FNDA:2,(anonymous_13)
FNDA:2,(anonymous_14)
FNDA:3,(anonymous_15)
FNDA:6,(anonymous_16)
FNDA:2,(anonymous_17)
FNDA:4,(anonymous_18)
FNDA:2,(anonymous_19)
FNDA:2,(anonymous_20)
FNDA:3,(anonymous_21)
FNDA:4,(anonymous_22)
FNDA:2,(anonymous_23)
FNDA:4,(anonymous_24)
FNDA:1,(anonymous_25)
FNDA:4,(anonymous_26)
FNDA:3,(anonymous_27)
FNDA:3,(anonymous_28)
DA:26,4
DA:42,18
DA:43,1
DA:45,1
DA:55,1
DA:57,2
DA:65,1
DA:72,18
DA:73,1
DA:74,1
DA:76,2
DA:83,1
DA:85,1
DA:91,18
DA:92,1
DA:93,1
DA:94,1
DA:97,18
DA:98,1
DA:99,4
DA:100,1
DA:102,3
DA:104,1
DA:107,18
DA:108,2
DA:110,2
DA:111,1
DA:112,2
DA:113,1
DA:117,1
DA:118,1
DA:120,1
DA:123,1
DA:131,1
DA:132,4
DA:133,1
DA:137,1
DA:138,1
DA:140,3
DA:143,1
DA:153,18
DA:154,6
DA:156,5
DA:158,5
DA:159,2
DA:160,2
DA:161,2
DA:163,2
DA:164,1
DA:165,2
DA:166,2
DA:173,1
DA:176,1
DA:184,1
DA:186,2
DA:194,1
DA:195,3
DA:198,1
DA:207,2
DA:208,2
DA:211,3
DA:213,6
DA:214,3
DA:216,2
DA:217,2
DA:218,2
DA:219,2
DA:220,4
DA:223,2
DA:224,2
DA:227,2
DA:228,3
DA:230,2
DA:234,4
DA:236,2
DA:237,1
DA:240,4
DA:243,1
DA:244,1
DA:251,0
DA:254,1
DA:261,1
DA:263,1
DA:264,1
DA:267,4
DA:268,3
DA:272,3
DA:273,1
DA:280,2
DA:283,1
DA:291,1
DA:295,18
LF:92
LH:91
BRDA:43,0,0,0
BRDA:43,0,1,1
BRDA:43,1,0,1
BRDA:43,1,1,1
BRDA:43,2,0,0
BRDA:43,2,1,1
BRDA:43,3,0,1
BRDA:43,3,1,1
BRDA:46,4,0,1
BRDA:46,4,1,0
BRDA:46,5,0,0
BRDA:46,5,1,1
BRDA:46,6,0,1
BRDA:46,6,1,1
BRDA:46,7,0,0
BRDA:46,7,1,1
BRDA:46,8,0,1
BRDA:46,8,1,1
BRDA:56,9,0,1
BRDA:56,9,1,0
BRDA:56,10,0,0
BRDA:56,10,1,1
BRDA:56,11,0,1
BRDA:56,11,1,1
BRDA:56,12,0,0
BRDA:56,12,1,1
BRDA:56,13,0,1
BRDA:56,13,1,1
BRDA:74,14,0,0
BRDA:74,14,1,1
BRDA:74,15,0,1
BRDA:74,15,1,1
BRDA:74,16,0,0
BRDA:74,16,1,1
BRDA:74,17,0,1
BRDA:74,17,1,1
BRDA:83,18,0,1
BRDA:83,18,1,0
BRDA:83,19,0,0
BRDA:83,19,1,1
BRDA:83,20,0,1
BRDA:83,20,1,1
BRDA:83,21,0,0
BRDA:83,21,1,1
BRDA:83,22,0,1
BRDA:83,22,1,1
BRDA:92,23,0,1
BRDA:92,23,1,0
BRDA:92,24,0,0
BRDA:92,24,1,1
BRDA:92,25,0,1
BRDA:92,25,1,1
BRDA:92,26,0,0
BRDA:92,26,1,1
BRDA:92,27,0,1
BRDA:92,27,1,1
BRDA:98,28,0,0
BRDA:98,28,1,1
BRDA:98,29,0,1
BRDA:98,29,1,1
BRDA:98,30,0,0
BRDA:98,30,1,1
BRDA:98,31,0,1
BRDA:98,31,1,1
BRDA:99,32,0,1
BRDA:99,32,1,3
BRDA:99,33,0,4
BRDA:99,33,1,2
BRDA:108,34,0,0
BRDA:108,34,1,2
BRDA:110,35,0,1
BRDA:110,35,1,1
BRDA:111,36,0,0
BRDA:111,36,1,1
BRDA:111,37,0,1
BRDA:111,37,1,1
BRDA:111,38,0,0
BRDA:111,38,1,1
BRDA:111,39,0,1
BRDA:111,39,1,1
BRDA:112,40,0,1
BRDA:112,40,1,1
BRDA:131,41,0,0
BRDA:131,41,1,1
BRDA:131,42,0,1
BRDA:131,42,1,1
BRDA:131,43,0,0
BRDA:131,43,1,1
BRDA:131,44,0,1
BRDA:131,44,1,1
BRDA:132,45,0,1
BRDA:132,45,1,3
BRDA:132,46,0,4
BRDA:132,46,1,2
BRDA:154,47,0,1
BRDA:154,47,1,5
BRDA:158,48,0,2
BRDA:158,48,1,3
BRDA:158,49,0,5
BRDA:158,49,1,2
BRDA:163,50,0,1
BRDA:163,50,1,1
BRDA:164,51,0,0
BRDA:164,51,1,1
BRDA:164,52,0,1
BRDA:164,52,1,1
BRDA:164,53,0,0
BRDA:164,53,1,1
BRDA:164,54,0,1
BRDA:164,54,1,1
BRDA:165,55,0,1
BRDA:165,55,1,1
BRDA:170,56,0,2
BRDA:170,56,1,0
BRDA:190,57,0,2
BRDA:190,57,1,0
BRDA:194,58,0,0
BRDA:194,58,1,1
BRDA:194,59,0,1
BRDA:194,59,1,1
BRDA:194,60,0,0
BRDA:194,60,1,1
BRDA:194,61,0,1
BRDA:194,61,1,1
BRDA:195,62,0,3
BRDA:195,62,1,1
BRDA:211,63,0,0
BRDA:211,63,1,3
BRDA:214,64,0,1
BRDA:214,64,1,2
BRDA:220,65,0,4
BRDA:220,65,1,0
BRDA:223,66,0,1
BRDA:223,66,1,1
BRDA:224,67,0,0
BRDA:224,67,1,2
BRDA:224,68,0,2
BRDA:224,68,1,2
BRDA:224,69,0,0
BRDA:224,69,1,2
BRDA:224,70,0,2
BRDA:224,70,1,2
BRDA:227,71,0,0
BRDA:227,71,1,2
BRDA:227,72,0,2
BRDA:227,72,1,2
BRDA:227,73,0,0
BRDA:227,73,1,2
BRDA:227,74,0,2
BRDA:227,74,1,2
BRDA:228,75,0,3
BRDA:228,75,1,3
BRDA:230,76,0,2
BRDA:230,76,1,0
BRDA:230,77,0,0
BRDA:230,77,1,2
BRDA:230,78,0,2
BRDA:230,78,1,2
BRDA:236,79,0,1
BRDA:236,79,1,1
BRDA:237,80,0,0
BRDA:237,80,1,1
BRDA:237,81,0,1
BRDA:237,81,1,1
BRDA:237,82,0,0
BRDA:237,82,1,1
BRDA:237,83,0,1
BRDA:237,83,1,1
BRDA:240,84,0,4
BRDA:240,84,1,2
BRDA:243,85,0,1
BRDA:243,85,1,0
BRDA:264,86,0,0
BRDA:264,86,1,1
BRDA:264,87,0,1
BRDA:264,87,1,1
BRDA:264,88,0,0
BRDA:264,88,1,1
BRDA:264,89,0,1
BRDA:264,89,1,1
BRDA:267,90,0,4
BRDA:267,90,1,2
BRDA:267,90,2,2
BRDA:272,91,0,1
BRDA:272,91,1,2
BRDA:272,92,0,3
BRDA:272,92,1,1
BRF:187
BRH:145
end_of_record
TN:
SF:src/hooks/useTableSearch.ts
FN:24,(anonymous_0)
FN:28,(anonymous_1)
FN:30,(anonymous_2)
FNF:3
FNH:3
FNDA:52,(anonymous_0)
FNDA:34,(anonymous_1)
FNDA:2,(anonymous_2)
DA:1,8
DA:24,8
DA:25,52
DA:26,51
DA:28,51
DA:30,51
DA:32,51
LF:7
LH:7
BRF:0
BRH:0
end_of_record
TN:
SF:src/hooks/useTableSelection.ts
FN:4,(anonymous_0)
FN:25,(anonymous_1)
FN:37,(anonymous_2)
FN:47,(anonymous_3)
FN:49,(anonymous_4)
FNF:5
FNH:5
FNDA:13,(anonymous_0)
FNDA:6,(anonymous_1)
FNDA:3,(anonymous_2)
FNDA:8,(anonymous_3)
FNDA:4,(anonymous_4)
DA:4,4
DA:25,13
DA:29,6
DA:31,5
DA:32,5
DA:33,5
DA:35,5
DA:36,2
DA:37,3
DA:45,3
DA:47,8
DA:49,4
DA:58,13
LF:13
LH:13
BRDA:29,0,0,1
BRDA:29,0,1,5
BRDA:35,1,0,2
BRDA:35,1,1,3
BRDA:36,2,0,1
BRDA:36,2,1,1
BRDA:36,3,0,2
BRDA:36,3,1,2
BRDA:36,4,0,0
BRDA:36,4,1,2
BRDA:36,5,0,2
BRDA:36,5,1,2
BRDA:45,6,0,1
BRDA:45,6,1,2
BRDA:45,7,0,3
BRDA:45,7,1,3
BRDA:45,8,0,0
BRDA:45,8,1,3
BRDA:45,9,0,3
BRDA:45,9,1,3
BRDA:47,10,0,8
BRDA:47,10,1,6
BRDA:47,10,2,4
BRF:23
BRH:21
end_of_record
TN:
SF:src/hooks/useToast.ts
FN:11,(anonymous_0)
FN:14,(anonymous_1)
FN:16,(anonymous_2)
FNF:3
FNH:3
FNDA:11,(anonymous_0)
FNDA:6,(anonymous_1)
FNDA:6,(anonymous_2)
DA:1,2
DA:2,2
DA:3,2
DA:11,2
DA:12,11
DA:14,11
DA:15,6
DA:16,6
DA:19,11
LF:9
LH:9
BRDA:15,0,0,5
BRDA:15,0,1,1
BRDA:15,1,0,5
BRDA:15,1,1,0
BRDA:16,2,0,2
BRDA:16,2,1,4
BRF:6
BRH:5
end_of_record
TN:
SF:src/models/Request.ts
FN:3,(anonymous_0)
FN:24,(anonymous_1)
FNF:2
FNH:2
FNDA:31,(anonymous_0)
FNDA:2,(anonymous_1)
DA:3,31
DA:4,31
DA:5,31
DA:6,31
DA:7,31
DA:8,31
DA:11,31
DA:25,2
DA:26,2
DA:27,2
DA:28,2
LF:11
LH:11
BRDA:3,0,0,31
BRDA:3,0,1,31
BRF:2
BRH:2
end_of_record
TN:
SF:src/models/Table.ts
FN:8,(anonymous_0)
FNF:1
FNH:1
FNDA:13,(anonymous_0)
DA:8,13
DA:9,13
DA:10,13
DA:11,13
DA:12,13
DA:13,13
LF:6
LH:6
BRDA:8,0,0,13
BRDA:8,0,1,13
BRF:2
BRH:2
end_of_record
TN:
SF:src/pages/About.tsx
FN:3,(anonymous_1)
FNF:1
FNH:1
FNDA:1,(anonymous_1)
DA:1,1
DA:3,1
DA:4,1
DA:14,1
LF:4
LH:4
BRF:0
BRH:0
end_of_record
TN:
SF:src/pages/NotFound.tsx
FN:4,(anonymous_1)
FNF:1
FNH:1
FNDA:2,(anonymous_1)
DA:1,1
DA:2,1
DA:4,1
DA:5,2
DA:7,2
DA:8,1
DA:20,1
DA:24,1
LF:8
LH:8
BRDA:7,0,0,1
BRDA:7,0,1,1
BRDA:14,1,0,1
BRDA:14,1,1,0
BRDA:14,2,0,0
BRDA:14,2,1,0
BRDA:14,3,0,0
BRDA:14,3,1,0
BRF:8
BRH:3
end_of_record
TN:
SF:src/pages/audit-consultation/AuditConsultation.tsx
FN:17,(anonymous_13)
FN:24,(anonymous_14)
FN:31,(anonymous_15)
FN:33,(anonymous_16)
FN:41,(anonymous_17)
FN:41,(anonymous_18)
FN:46,(anonymous_19)
FN:49,(anonymous_20)
FN:53,(anonymous_21)
FN:53,(anonymous_22)
FN:58,(anonymous_23)
FN:58,(anonymous_24)
FN:60,(anonymous_25)
FN:60,(anonymous_26)
FN:65,(anonymous_27)
FN:70,(anonymous_28)
FN:74,(anonymous_29)
FN:95,(anonymous_30)
FNF:18
FNH:14
FNDA:14,(anonymous_13)
FNDA:16,(anonymous_14)
FNDA:7,(anonymous_15)
FNDA:8,(anonymous_16)
FNDA:4,(anonymous_17)
FNDA:4,(anonymous_18)
FNDA:8,(anonymous_19)
FNDA:3,(anonymous_20)
FNDA:1,(anonymous_21)
FNDA:1,(anonymous_22)
FNDA:0,(anonymous_23)
FNDA:0,(anonymous_24)
FNDA:0,(anonymous_25)
FNDA:0,(anonymous_26)
FNDA:14,(anonymous_27)
FNDA:14,(anonymous_28)
FNDA:3,(anonymous_29)
FNDA:1,(anonymous_30)
DA:1,2
DA:2,2
DA:4,2
DA:5,2
DA:6,2
DA:7,2
DA:8,2
DA:9,2
DA:10,2
DA:11,2
DA:12,2
DA:13,2
DA:14,2
DA:15,2
DA:17,2
DA:18,14
DA:19,14
DA:20,14
DA:21,14
DA:23,14
DA:24,16
DA:31,14
DA:32,7
DA:33,8
DA:41,14
DA:42,4
DA:44,4
DA:45,4
DA:46,8
DA:49,14
DA:50,3
DA:53,14
DA:54,1
DA:55,1
DA:58,14
DA:60,14
DA:61,0
DA:64,14
DA:65,14
DA:69,14
DA:70,14
DA:74,14
DA:76,14
DA:95,1
DA:105,2
LF:45
LH:44
BRF:0
BRH:0
end_of_record
TN:
SF:src/pages/executing-index-generation/ExecutingIndexGeneration.tsx
FN:17,(anonymous_13)
FN:18,(anonymous_14)
FN:22,(anonymous_15)
FN:35,(anonymous_16)
FN:39,(anonymous_17)
FN:40,(anonymous_18)
FN:44,(anonymous_19)
FN:47,(anonymous_20)
FN:49,(anonymous_21)
FN:51,(anonymous_22)
FN:55,(anonymous_23)
FN:62,(anonymous_24)
FN:62,(anonymous_25)
FN:67,(anonymous_26)
FN:75,(anonymous_27)
FN:80,(anonymous_28)
FN:84,(anonymous_29)
FNF:17
FNH:12
FNDA:4,(anonymous_13)
FNDA:4,(anonymous_14)
FNDA:4,(anonymous_15)
FNDA:1,(anonymous_16)
FNDA:3,(anonymous_17)
FNDA:0,(anonymous_18)
FNDA:3,(anonymous_19)
FNDA:1,(anonymous_20)
FNDA:0,(anonymous_21)
FNDA:0,(anonymous_22)
FNDA:1,(anonymous_23)
FNDA:0,(anonymous_24)
FNDA:0,(anonymous_25)
FNDA:1,(anonymous_26)
FNDA:4,(anonymous_27)
FNDA:4,(anonymous_28)
FNDA:1,(anonymous_29)
DA:1,2
DA:2,2
DA:3,2
DA:4,2
DA:5,2
DA:6,2
DA:7,2
DA:8,2
DA:9,2
DA:10,2
DA:11,2
DA:12,2
DA:13,2
DA:14,2
DA:15,2
DA:17,2
DA:18,4
DA:22,4
DA:23,4
DA:25,4
DA:26,4
DA:27,4
DA:28,4
DA:29,4
DA:30,4
DA:32,4
DA:33,4
DA:35,4
DA:36,1
DA:39,4
DA:40,3
DA:41,0
DA:44,3
DA:47,4
DA:49,4
DA:51,4
DA:52,0
DA:55,4
DA:56,1
DA:57,1
DA:58,1
DA:59,1
DA:62,4
DA:63,0
DA:66,4
DA:68,1
DA:69,1
DA:74,4
DA:75,4
DA:79,4
DA:80,4
DA:84,4
DA:86,4
DA:121,2
LF:54
LH:51
BRDA:75,0,0,4
BRDA:75,0,1,0
BRDA:110,1,0,4
BRDA:110,1,1,2
BRF:4
BRH:3
end_of_record
TN:
SF:src/pages/executing-index-generation/ExecutingIndexGenerationModal.tsx
FN:14,(anonymous_13)
FN:15,(anonymous_14)
FN:23,(anonymous_15)
FN:27,(anonymous_16)
FN:27,(anonymous_17)
FN:54,(anonymous_18)
FN:67,(anonymous_19)
FNF:7
FNH:7
FNDA:11,(anonymous_13)
FNDA:11,(anonymous_14)
FNDA:7,(anonymous_15)
FNDA:3,(anonymous_16)
FNDA:3,(anonymous_17)
FNDA:2,(anonymous_18)
FNDA:2,(anonymous_19)
DA:1,2
DA:2,2
DA:3,2
DA:4,2
DA:5,2
DA:6,2
DA:7,2
DA:8,2
DA:10,2
DA:14,2
DA:15,11
DA:16,11
DA:18,11
DA:19,11
DA:20,11
DA:21,11
DA:23,11
DA:24,7
DA:27,11
DA:28,3
DA:29,3
DA:31,2
DA:33,2
DA:34,1
DA:35,1
DA:36,1
DA:37,1
DA:38,1
DA:41,1
DA:42,1
DA:43,1
DA:46,11
DA:55,2
DA:56,2
DA:68,2
DA:69,2
LF:36
LH:36
BRDA:24,0,0,7
BRDA:24,0,1,5
BRDA:29,1,0,1
BRDA:29,1,1,2
BRDA:31,2,0,0
BRDA:31,2,1,2
BRDA:31,3,0,2
BRDA:31,3,1,2
BRDA:33,4,0,1
BRDA:33,4,1,1
BRDA:41,5,0,0
BRDA:41,5,1,1
BRDA:41,6,0,1
BRDA:41,6,1,1
BRDA:52,7,0,4
BRDA:52,7,1,7
BRDA:52,8,0,11
BRDA:52,8,1,11
BRDA:58,9,0,11
BRDA:58,9,1,4
BRDA:71,10,0,11
BRDA:71,10,1,6
BRDA:74,11,0,11
BRDA:74,11,1,4
BRDA:74,11,2,1
BRDA:75,12,0,11
BRDA:75,12,1,1
BRF:27
BRH:25
end_of_record
TN:
SF:src/pages/execution-assisted-process/ExecutionAssistedProcess.tsx
FN:17,(anonymous_13)
FN:21,(anonymous_14)
FN:35,(anonymous_15)
FN:37,(anonymous_16)
FN:45,(anonymous_17)
FN:49,(anonymous_18)
FN:50,(anonymous_19)
FN:54,(anonymous_20)
FN:57,(anonymous_21)
FN:59,(anonymous_22)
FN:61,(anonymous_23)
FN:65,(anonymous_24)
FN:72,(anonymous_25)
FN:72,(anonymous_26)
FN:78,(anonymous_27)
FN:86,(anonymous_28)
FN:91,(anonymous_29)
FN:95,(anonymous_30)
FNF:18
FNH:14
FNDA:5,(anonymous_13)
FNDA:5,(anonymous_14)
FNDA:1,(anonymous_15)
FNDA:1,(anonymous_16)
FNDA:1,(anonymous_17)
FNDA:3,(anonymous_18)
FNDA:1,(anonymous_19)
FNDA:3,(anonymous_20)
FNDA:1,(anonymous_21)
FNDA:0,(anonymous_22)
FNDA:0,(anonymous_23)
FNDA:1,(anonymous_24)
FNDA:0,(anonymous_25)
FNDA:0,(anonymous_26)
FNDA:1,(anonymous_27)
FNDA:5,(anonymous_28)
FNDA:5,(anonymous_29)
FNDA:1,(anonymous_30)
DA:1,2
DA:2,2
DA:3,2
DA:4,2
DA:5,2
DA:6,2
DA:7,2
DA:8,2
DA:9,2
DA:10,2
DA:11,2
DA:12,2
DA:13,2
DA:14,2
DA:15,2
DA:17,2
DA:21,5
DA:22,5
DA:24,5
DA:25,5
DA:26,5
DA:27,5
DA:28,5
DA:29,5
DA:30,5
DA:32,5
DA:33,5
DA:35,5
DA:36,1
DA:37,1
DA:45,5
DA:46,1
DA:49,5
DA:50,3
DA:51,1
DA:54,3
DA:57,5
DA:59,5
DA:61,5
DA:62,0
DA:65,5
DA:66,1
DA:67,1
DA:68,1
DA:69,1
DA:72,5
DA:73,0
DA:74,0
DA:77,5
DA:79,1
DA:80,1
DA:85,5
DA:86,5
DA:90,5
DA:91,5
DA:95,5
DA:97,5
DA:132,2
LF:58
LH:55
BRDA:39,0,0,0
BRDA:39,0,1,1
BRDA:39,1,0,1
BRDA:39,1,1,1
BRDA:39,2,0,0
BRDA:39,2,1,1
BRDA:39,3,0,1
BRDA:39,3,1,1
BRDA:40,4,0,0
BRDA:40,4,1,1
BRDA:40,5,0,1
BRDA:40,5,1,1
BRDA:40,6,0,0
BRDA:40,6,1,1
BRDA:40,7,0,1
BRDA:40,7,1,1
BRDA:40,8,0,0
BRDA:40,8,1,1
BRDA:40,9,0,1
BRDA:40,9,1,1
BRDA:40,10,0,0
BRDA:40,10,1,1
BRDA:40,11,0,1
BRDA:40,11,1,1
BRDA:121,12,0,5
BRDA:121,12,1,2
BRF:26
BRH:20
end_of_record
TN:
SF:src/pages/execution-assisted-process/ExecutionAssistedProcessModal.tsx
FN:17,(anonymous_13)
FN:18,(anonymous_14)
FN:26,(anonymous_15)
FN:26,(anonymous_16)
FN:31,(anonymous_17)
FN:35,(anonymous_18)
FN:37,(anonymous_19)
FN:40,(anonymous_20)
FN:44,(anonymous_21)
FN:50,(anonymous_22)
FN:50,(anonymous_23)
FN:88,(anonymous_24)
FN:102,(anonymous_25)
FNF:13
FNH:12
FNDA:13,(anonymous_13)
FNDA:13,(anonymous_14)
FNDA:2,(anonymous_15)
FNDA:2,(anonymous_16)
FNDA:2,(anonymous_17)
FNDA:2,(anonymous_18)
FNDA:2,(anonymous_19)
FNDA:7,(anonymous_20)
FNDA:2,(anonymous_21)
FNDA:3,(anonymous_22)
FNDA:3,(anonymous_23)
FNDA:0,(anonymous_24)
FNDA:2,(anonymous_25)
DA:1,2
DA:2,2
DA:3,2
DA:4,2
DA:5,2
DA:6,2
DA:7,2
DA:8,2
DA:9,2
DA:10,2
DA:11,2
DA:13,2
DA:17,2
DA:18,13
DA:19,13
DA:21,13
DA:22,13
DA:23,13
DA:24,13
DA:26,13
DA:27,2
DA:29,2
DA:30,2
DA:31,2
DA:35,13
DA:36,2
DA:37,2
DA:40,13
DA:41,7
DA:44,13
DA:45,2
DA:46,2
DA:47,2
DA:50,13
DA:51,3
DA:52,3
DA:54,2
DA:56,2
DA:57,1
DA:58,1
DA:59,1
DA:60,1
DA:61,1
DA:64,1
DA:65,1
DA:66,1
DA:69,13
DA:88,0
DA:102,2
LF:49
LH:48
BRDA:30,0,0,2
BRDA:30,0,1,0
BRDA:41,1,0,7
BRDA:41,1,1,5
BRDA:52,2,0,1
BRDA:52,2,1,2
BRDA:56,3,0,1
BRDA:56,3,1,1
BRDA:64,4,0,0
BRDA:64,4,1,1
BRDA:64,5,0,1
BRDA:64,5,1,1
BRDA:78,6,0,13
BRDA:78,6,1,4
BRDA:90,7,0,13
BRDA:90,7,1,4
BRDA:90,7,2,1
BRDA:103,8,0,13
BRDA:103,8,1,4
BRDA:106,9,0,13
BRDA:106,9,1,4
BRDA:106,9,2,1
BRDA:107,10,0,13
BRDA:107,10,1,1
BRF:24
BRH:22
end_of_record
TN:
SF:src/pages/exit-paths/CreateRecordModal.tsx
FN:14,(anonymous_7)
FN:20,(anonymous_8)
FN:21,(anonymous_9)
FN:24,(anonymous_10)
FN:28,(anonymous_11)
FN:28,(anonymous_12)
FNF:6
FNH:6
FNDA:6,(anonymous_7)
FNDA:2,(anonymous_8)
FNDA:2,(anonymous_9)
FNDA:1,(anonymous_10)
FNDA:2,(anonymous_11)
FNDA:2,(anonymous_12)
DA:1,2
DA:2,2
DA:3,2
DA:4,2
DA:5,2
DA:9,2
DA:10,2
DA:11,2
DA:12,2
DA:14,2
DA:15,6
DA:17,6
DA:18,6
DA:20,6
DA:21,2
DA:24,6
DA:25,1
DA:28,6
DA:29,2
DA:30,1
DA:31,1
DA:32,1
DA:35,6
LF:23
LH:23
BRDA:29,0,0,1
BRDA:29,0,1,1
BRDA:31,1,0,0
BRDA:31,1,1,1
BRDA:31,2,0,1
BRDA:31,2,1,1
BRDA:65,3,0,6
BRDA:65,3,1,1
BRF:8
BRH:7
end_of_record
TN:
SF:src/pages/exit-paths/ExitPaths.tsx
FN:19,(anonymous_7)
FN:21,(anonymous_8)
FN:22,(anonymous_9)
FN:30,(anonymous_10)
FN:31,(anonymous_11)
FN:36,(anonymous_12)
FN:43,(anonymous_13)
FN:43,(anonymous_14)
FN:51,(anonymous_15)
FN:51,(anonymous_16)
FN:52,(anonymous_17)
FN:60,(anonymous_18)
FN:63,(anonymous_19)
FN:63,(anonymous_20)
FN:63,(anonymous_21)
FN:67,(anonymous_22)
FN:70,(anonymous_23)
FN:74,(anonymous_24)
FN:76,(anonymous_25)
FN:76,(anonymous_26)
FN:78,(anonymous_27)
FN:80,(anonymous_28)
FN:101,(anonymous_29)
FN:118,(anonymous_30)
FNF:24
FNH:17
FNDA:3,(anonymous_7)
FNDA:3,(anonymous_8)
FNDA:3,(anonymous_9)
FNDA:1,(anonymous_10)
FNDA:1,(anonymous_11)
FNDA:1,(anonymous_12)
FNDA:0,(anonymous_13)
FNDA:0,(anonymous_14)
FNDA:0,(anonymous_15)
FNDA:0,(anonymous_16)
FNDA:0,(anonymous_17)
FNDA:0,(anonymous_18)
FNDA:3,(anonymous_19)
FNDA:6,(anonymous_20)
FNDA:6,(anonymous_21)
FNDA:3,(anonymous_22)
FNDA:3,(anonymous_23)
FNDA:1,(anonymous_24)
FNDA:1,(anonymous_25)
FNDA:1,(anonymous_26)
FNDA:3,(anonymous_27)
FNDA:1,(anonymous_28)
FNDA:1,(anonymous_29)
FNDA:0,(anonymous_30)
DA:1,2
DA:2,2
DA:3,2
DA:4,2
DA:5,2
DA:6,2
DA:7,2
DA:8,2
DA:9,2
DA:10,2
DA:11,2
DA:13,2
DA:14,2
DA:15,2
DA:16,2
DA:17,2
DA:19,2
DA:20,3
DA:21,3
DA:22,3
DA:24,3
DA:25,3
DA:27,3
DA:28,3
DA:30,3
DA:31,1
DA:32,1
DA:36,3
DA:37,1
DA:38,1
DA:39,1
DA:42,3
DA:43,0
DA:44,0
DA:45,0
DA:50,3
DA:51,0
DA:52,0
DA:53,0
DA:54,0
DA:55,0
DA:60,3
DA:62,3
DA:63,6
DA:67,3
DA:69,3
DA:70,3
DA:74,3
DA:76,3
DA:78,3
DA:80,3
DA:82,3
DA:102,1
DA:103,1
DA:118,0
DA:126,2
LF:56
LH:47
BRDA:45,0,0,0
BRDA:45,0,1,0
BRDA:45,1,0,0
BRDA:45,1,1,0
BRDA:53,2,0,0
BRDA:53,2,1,0
BRDA:53,3,0,0
BRDA:53,3,1,0
BRDA:108,4,0,3
BRDA:108,4,1,2
BRDA:115,5,0,3
BRDA:115,5,1,1
BRDA:120,6,0,1
BRDA:120,6,1,0
BRF:14
BRH:5
end_of_record
TN:
SF:src/pages/input-file-upload/CreateFileUploadModal.tsx
FN:14,(anonymous_13)
FN:15,(anonymous_14)
FN:24,(anonymous_15)
FN:28,(anonymous_16)
FN:28,(anonymous_17)
FN:54,(anonymous_18)
FN:67,(anonymous_19)
FNF:7
FNH:7
FNDA:11,(anonymous_13)
FNDA:11,(anonymous_14)
FNDA:7,(anonymous_15)
FNDA:3,(anonymous_16)
FNDA:3,(anonymous_17)
FNDA:2,(anonymous_18)
FNDA:2,(anonymous_19)
DA:1,2
DA:2,2
DA:3,2
DA:4,2
DA:5,2
DA:6,2
DA:7,2
DA:8,2
DA:10,2
DA:14,2
DA:15,11
DA:17,11
DA:19,11
DA:20,11
DA:21,11
DA:22,11
DA:24,11
DA:25,7
DA:28,11
DA:29,3
DA:30,3
DA:32,2
DA:34,2
DA:35,1
DA:36,1
DA:37,1
DA:38,1
DA:39,1
DA:41,1
DA:42,1
DA:43,1
DA:46,11
DA:55,2
DA:56,2
DA:67,2
LF:35
LH:35
BRDA:25,0,0,7
BRDA:25,0,1,5
BRDA:30,1,0,1
BRDA:30,1,1,2
BRDA:32,2,0,0
BRDA:32,2,1,2
BRDA:32,3,0,2
BRDA:32,3,1,2
BRDA:34,4,0,1
BRDA:34,4,1,1
BRDA:41,5,0,0
BRDA:41,5,1,1
BRDA:41,6,0,1
BRDA:41,6,1,1
BRDA:52,7,0,4
BRDA:52,7,1,7
BRDA:52,8,0,11
BRDA:52,8,1,11
BRDA:58,9,0,11
BRDA:58,9,1,4
BRDA:68,10,0,11
BRDA:68,10,1,6
BRDA:71,11,0,11
BRDA:71,11,1,4
BRDA:71,11,2,1
BRDA:72,12,0,11
BRDA:72,12,1,1
BRF:27
BRH:25
end_of_record
TN:
SF:src/pages/input-file-upload/InputFileUpload.tsx
FN:19,(anonymous_13)
FN:23,(anonymous_14)
FN:36,(anonymous_15)
FN:40,(anonymous_16)
FN:41,(anonymous_17)
FN:45,(anonymous_18)
FN:48,(anonymous_19)
FN:50,(anonymous_20)
FN:52,(anonymous_21)
FN:56,(anonymous_22)
FN:63,(anonymous_23)
FN:63,(anonymous_24)
FN:69,(anonymous_25)
FN:77,(anonymous_26)
FN:82,(anonymous_27)
FN:86,(anonymous_28)
FN:111,(anonymous_29)
FNF:17
FNH:12
FNDA:4,(anonymous_13)
FNDA:4,(anonymous_14)
FNDA:1,(anonymous_15)
FNDA:3,(anonymous_16)
FNDA:0,(anonymous_17)
FNDA:3,(anonymous_18)
FNDA:1,(anonymous_19)
FNDA:0,(anonymous_20)
FNDA:0,(anonymous_21)
FNDA:1,(anonymous_22)
FNDA:0,(anonymous_23)
FNDA:0,(anonymous_24)
FNDA:1,(anonymous_25)
FNDA:4,(anonymous_26)
FNDA:4,(anonymous_27)
FNDA:1,(anonymous_28)
FNDA:4,(anonymous_29)
DA:1,2
DA:2,2
DA:3,2
DA:4,2
DA:5,2
DA:6,2
DA:7,2
DA:8,2
DA:9,2
DA:10,2
DA:12,2
DA:13,2
DA:14,2
DA:15,2
DA:16,2
DA:17,2
DA:19,2
DA:23,4
DA:24,4
DA:26,4
DA:27,4
DA:29,4
DA:30,4
DA:31,4
DA:32,4
DA:33,4
DA:34,4
DA:36,4
DA:37,1
DA:40,4
DA:41,3
DA:42,0
DA:45,3
DA:48,4
DA:50,4
DA:52,4
DA:53,0
DA:56,4
DA:57,1
DA:58,1
DA:59,1
DA:60,1
DA:63,4
DA:64,0
DA:65,0
DA:68,4
DA:70,1
DA:71,1
DA:76,4
DA:77,4
DA:81,4
DA:82,4
DA:86,4
DA:88,4
DA:112,4
DA:131,2
LF:56
LH:52
BRDA:120,0,0,4
BRDA:120,0,1,2
BRF:2
BRH:2
end_of_record
TN:
SF:src/pages/input-file-upload/TableIcons.tsx
FN:9,(anonymous_7)
FN:14,(anonymous_8)
FN:14,(anonymous_9)
FN:25,(anonymous_10)
FN:30,(anonymous_11)
FNF:5
FNH:4
FNDA:4,(anonymous_7)
FNDA:1,(anonymous_8)
FNDA:1,(anonymous_9)
FNDA:1,(anonymous_10)
FNDA:0,(anonymous_11)
DA:1,2
DA:2,2
DA:3,2
DA:4,2
DA:6,2
DA:7,2
DA:9,2
DA:10,4
DA:11,4
DA:12,4
DA:14,4
DA:16,1
DA:17,1
DA:18,1
DA:19,1
DA:22,4
DA:25,1
DA:30,0
LF:18
LH:17
BRDA:17,0,0,0
BRDA:17,0,1,1
BRDA:17,1,0,1
BRDA:17,1,1,1
BRDA:24,2,0,4
BRDA:24,2,1,3
BRDA:27,3,0,4
BRDA:27,3,1,1
BRF:8
BRH:7
end_of_record
TN:
SF:src/pages/login/Login.tsx
FN:12,(anonymous_7)
FN:14,(anonymous_8)
FN:20,(anonymous_9)
FN:24,(anonymous_10)
FN:26,(anonymous_11)
FN:26,(anonymous_12)
FN:32,(anonymous_13)
FNF:7
FNH:7
FNDA:8,(anonymous_7)
FNDA:8,(anonymous_8)
FNDA:5,(anonymous_9)
FNDA:1,(anonymous_10)
FNDA:2,(anonymous_11)
FNDA:2,(anonymous_12)
FNDA:2,(anonymous_13)
DA:1,1
DA:2,1
DA:3,1
DA:5,1
DA:6,1
DA:7,1
DA:8,1
DA:9,1
DA:10,1
DA:12,1
DA:13,8
DA:14,8
DA:16,8
DA:17,8
DA:18,8
DA:20,8
DA:21,5
DA:24,8
DA:26,8
DA:27,2
DA:28,2
DA:29,1
DA:32,8
DA:33,2
DA:36,8
DA:70,1
LF:26
LH:26
BRDA:28,0,0,1
BRDA:28,0,1,1
BRDA:28,1,0,2
BRDA:28,1,1,1
BRDA:33,2,0,2
BRDA:33,2,1,0
BRDA:46,3,0,8
BRDA:46,3,1,1
BRDA:56,4,0,8
BRDA:56,4,1,1
BRDA:64,5,0,8
BRDA:64,5,1,1
BRF:12
BRH:11
end_of_record
TN:
SF:src/pages/manage-content-product/CreateDataModal.tsx
FN:16,(anonymous_7)
FN:25,(anonymous_8)
FN:26,(anonymous_9)
FN:28,(anonymous_10)
FN:35,(anonymous_11)
FN:36,(anonymous_12)
FN:53,(anonymous_13)
FN:59,(anonymous_14)
FN:64,(anonymous_15)
FN:71,(anonymous_16)
FN:77,(anonymous_17)
FN:77,(anonymous_18)
FN:81,(anonymous_19)
FN:87,(anonymous_20)
FN:88,(anonymous_21)
FN:88,(anonymous_22)
FN:91,(anonymous_23)
FN:95,(anonymous_24)
FN:95,(anonymous_25)
FN:108,(anonymous_26)
FN:123,(anonymous_27)
FN:124,(anonymous_28)
FN:139,(anonymous_29)
FN:151,(anonymous_30)
FNF:24
FNH:19
FNDA:22,(anonymous_7)
FNDA:22,(anonymous_8)
FNDA:22,(anonymous_9)
FNDA:1,(anonymous_10)
FNDA:3,(anonymous_11)
FNDA:0,(anonymous_12)
FNDA:3,(anonymous_13)
FNDA:4,(anonymous_14)
FNDA:2,(anonymous_15)
FNDA:13,(anonymous_16)
FNDA:3,(anonymous_17)
FNDA:0,(anonymous_18)
FNDA:1,(anonymous_19)
FNDA:1,(anonymous_20)
FNDA:1,(anonymous_21)
FNDA:1,(anonymous_22)
FNDA:0,(anonymous_23)
FNDA:2,(anonymous_24)
FNDA:2,(anonymous_25)
FNDA:0,(anonymous_26)
FNDA:22,(anonymous_27)
FNDA:0,(anonymous_28)
FNDA:1,(anonymous_29)
FNDA:1,(anonymous_30)
DA:1,7
DA:2,7
DA:4,7
DA:5,7
DA:6,7
DA:7,7
DA:9,7
DA:10,7
DA:11,7
DA:12,7
DA:13,7
DA:14,7
DA:16,7
DA:25,22
DA:26,22
DA:27,22
DA:28,1
DA:31,22
DA:33,22
DA:35,22
DA:36,3
DA:44,22
DA:46,22
DA:47,22
DA:48,22
DA:49,22
DA:50,22
DA:51,22
DA:53,22
DA:54,3
DA:55,1
DA:59,22
DA:60,4
DA:61,2
DA:64,2
DA:65,2
DA:66,2
DA:67,2
DA:71,22
DA:72,13
DA:73,13
DA:76,22
DA:77,3
DA:81,22
DA:82,1
DA:83,1
DA:84,1
DA:87,22
DA:88,1
DA:91,22
DA:92,0
DA:95,22
DA:96,2
DA:97,2
DA:99,1
DA:107,1
DA:108,0
DA:109,0
DA:110,0
DA:111,0
DA:112,1
DA:114,1
DA:115,1
DA:117,1
DA:118,1
DA:119,1
DA:123,22
DA:124,22
DA:125,22
DA:128,22
DA:139,1
DA:151,1
LF:72
LH:67
BRDA:27,0,0,1
BRDA:27,0,1,21
BRDA:31,1,0,1
BRDA:31,1,1,21
BRDA:33,2,0,1
BRDA:33,2,1,21
BRDA:36,3,0,2
BRDA:36,3,1,1
BRDA:36,4,0,3
BRDA:36,4,1,3
BRDA:36,5,0,0
BRDA:36,5,1,3
BRDA:36,6,0,3
BRDA:36,6,1,3
BRDA:40,7,0,0
BRDA:40,7,1,0
BRDA:40,8,0,0
BRDA:40,8,1,0
BRDA:40,9,0,0
BRDA:40,9,1,0
BRDA:40,10,0,0
BRDA:40,10,1,0
BRDA:40,11,0,0
BRDA:40,11,1,0
BRDA:44,12,0,1
BRDA:44,12,1,21
BRDA:54,13,0,1
BRDA:54,13,1,2
BRDA:60,14,0,2
BRDA:60,14,1,2
BRDA:60,15,0,4
BRDA:60,15,1,2
BRDA:60,15,2,2
BRDA:65,16,0,0
BRDA:65,16,1,2
BRDA:65,17,0,2
BRDA:65,17,1,2
BRDA:66,18,0,0
BRDA:66,18,1,2
BRDA:66,19,0,2
BRDA:66,19,1,0
BRDA:88,20,0,1
BRDA:88,20,1,0
BRDA:97,21,0,1
BRDA:97,21,1,1
BRDA:107,22,0,0
BRDA:107,22,1,1
BRDA:108,23,0,0
BRDA:108,23,1,0
BRDA:108,24,0,0
BRDA:108,24,1,0
BRDA:109,25,0,0
BRDA:109,25,1,0
BRDA:114,26,0,1
BRDA:114,26,1,0
BRDA:131,27,0,1
BRDA:131,27,1,21
BRDA:134,28,0,1
BRDA:134,28,1,21
BRDA:135,29,0,19
BRDA:135,29,1,3
BRDA:140,30,0,22
BRDA:140,30,1,3
BRDA:144,31,0,22
BRDA:144,31,1,2
BRDA:156,32,0,22
BRDA:156,32,1,2
BRDA:167,33,0,22
BRDA:167,33,1,2
BRDA:175,34,0,19
BRDA:175,34,1,3
BRDA:177,35,0,22
BRDA:177,35,1,2
BRDA:177,35,2,1
BRF:74
BRH:51
end_of_record
TN:
SF:src/pages/manage-content-product/ManageContentProduct.tsx
FN:22,(anonymous_7)
FN:23,(anonymous_8)
FN:27,(anonymous_9)
FN:39,(anonymous_10)
FN:44,(anonymous_11)
FN:44,(anonymous_12)
FN:54,(anonymous_13)
FN:60,(anonymous_14)
FN:60,(anonymous_15)
FN:63,(anonymous_16)
FN:71,(anonymous_17)
FN:79,(anonymous_18)
FN:86,(anonymous_19)
FN:93,(anonymous_20)
FN:98,(anonymous_21)
FN:102,(anonymous_22)
FN:104,(anonymous_23)
FN:110,(anonymous_24)
FN:114,(anonymous_25)
FN:116,(anonymous_26)
FNF:20
FNH:15
FNDA:4,(anonymous_7)
FNDA:4,(anonymous_8)
FNDA:4,(anonymous_9)
FNDA:1,(anonymous_10)
FNDA:1,(anonymous_11)
FNDA:1,(anonymous_12)
FNDA:0,(anonymous_13)
FNDA:2,(anonymous_14)
FNDA:2,(anonymous_15)
FNDA:1,(anonymous_16)
FNDA:1,(anonymous_17)
FNDA:1,(anonymous_18)
FNDA:0,(anonymous_19)
FNDA:3,(anonymous_20)
FNDA:3,(anonymous_21)
FNDA:1,(anonymous_22)
FNDA:0,(anonymous_23)
FNDA:1,(anonymous_24)
FNDA:0,(anonymous_25)
FNDA:0,(anonymous_26)
DA:1,7
DA:2,7
DA:3,7
DA:4,7
DA:5,7
DA:6,7
DA:7,7
DA:8,7
DA:9,7
DA:10,7
DA:11,7
DA:13,7
DA:14,7
DA:15,7
DA:17,7
DA:19,7
DA:20,7
DA:22,7
DA:23,4
DA:27,4
DA:28,4
DA:29,4
DA:30,4
DA:31,4
DA:32,3
DA:33,3
DA:34,3
DA:35,3
DA:36,3
DA:37,3
DA:39,3
DA:40,1
DA:41,1
DA:44,3
DA:45,1
DA:46,1
DA:47,1
DA:49,1
DA:50,1
DA:54,3
DA:55,0
DA:56,0
DA:57,0
DA:60,3
DA:62,3
DA:64,1
DA:65,1
DA:70,3
DA:71,1
DA:78,3
DA:80,1
DA:85,3
DA:87,0
DA:92,3
DA:93,3
DA:97,3
DA:98,3
DA:102,3
DA:104,3
DA:105,0
DA:106,0
DA:107,0
DA:110,3
DA:111,1
DA:114,3
DA:116,3
DA:117,0
DA:118,0
DA:121,3
DA:167,7
LF:70
LH:61
BRDA:45,0,0,1
BRDA:45,0,1,0
BRDA:147,1,0,3
BRDA:147,1,1,0
BRDA:151,2,0,3
BRDA:151,2,1,0
BRDA:162,3,0,3
BRDA:162,3,1,1
BRF:8
BRH:5
end_of_record
TN:
SF:src/pages/manage-content-product/RequiredFields.tsx
FN:8,(anonymous_0)
FN:9,(anonymous_1)
FN:13,(anonymous_2)
FN:20,(anonymous_3)
FN:27,(anonymous_4)
FN:29,(anonymous_5)
FN:32,(anonymous_6)
FN:32,(anonymous_7)
FN:37,(anonymous_8)
FN:46,(anonymous_9)
FN:54,(anonymous_10)
FN:56,(anonymous_11)
FN:76,(anonymous_12)
FN:87,(anonymous_13)
FNF:14
FNH:14
FNDA:6,(anonymous_0)
FNDA:1,(anonymous_1)
FNDA:2,(anonymous_2)
FNDA:1,(anonymous_3)
FNDA:12,(anonymous_4)
FNDA:14,(anonymous_5)
FNDA:15,(anonymous_6)
FNDA:15,(anonymous_7)
FNDA:15,(anonymous_8)
FNDA:1,(anonymous_9)
FNDA:30,(anonymous_10)
FNDA:1,(anonymous_11)
FNDA:2,(anonymous_12)
FNDA:1,(anonymous_13)
DA:1,7
DA:3,7
DA:4,7
DA:5,7
DA:6,7
DA:8,7
DA:9,6
DA:10,1
DA:13,6
DA:14,2
DA:20,6
DA:21,1
DA:27,6
DA:28,12
DA:29,14
DA:32,15
DA:34,6
DA:37,15
DA:46,1
DA:54,30
DA:56,1
DA:76,2
DA:87,1
LF:23
LH:23
BRDA:16,0,0,1
BRDA:16,0,1,1
BRDA:28,1,0,6
BRDA:28,1,1,6
BRDA:39,2,0,5
BRDA:39,2,1,10
BRDA:47,3,0,5
BRDA:47,3,1,1
BRDA:48,4,0,5
BRDA:48,4,1,0
BRDA:48,5,0,5
BRDA:48,5,1,5
BRDA:53,6,0,4
BRDA:53,6,1,6
BRDA:53,7,0,10
BRDA:53,7,1,10
BRDA:53,8,0,6
BRDA:53,8,1,4
BRDA:53,9,0,10
BRDA:53,9,1,10
BRDA:60,10,0,10
BRDA:60,10,1,2
BRDA:60,11,0,2
BRDA:60,11,1,0
BRDA:60,12,0,2
BRDA:60,12,1,2
BRDA:66,13,0,5
BRDA:66,13,1,10
BRDA:87,14,0,1
BRDA:87,14,1,1
BRF:30
BRH:28
end_of_record
TN:
SF:src/pages/object-manage-format/ObjectManageFormat.tsx
FN:25,(anonymous_8)
FN:26,(anonymous_9)
FN:31,(anonymous_10)
FN:45,(anonymous_11)
FN:49,(anonymous_12)
FN:53,(anonymous_13)
FN:60,(anonymous_14)
FN:63,(anonymous_15)
FN:71,(anonymous_16)
FN:76,(anonymous_17)
FN:83,(anonymous_18)
FN:88,(anonymous_19)
FN:88,(anonymous_20)
FN:106,(anonymous_21)
FN:115,(anonymous_22)
FN:122,(anonymous_23)
FN:129,(anonymous_24)
FN:134,(anonymous_25)
FN:138,(anonymous_26)
FN:140,(anonymous_27)
FN:144,(anonymous_28)
FN:149,(anonymous_29)
FN:188,(anonymous_30)
FNF:23
FNH:0
FNDA:0,(anonymous_8)
FNDA:0,(anonymous_9)
FNDA:0,(anonymous_10)
FNDA:0,(anonymous_11)
FNDA:0,(anonymous_12)
FNDA:0,(anonymous_13)
FNDA:0,(anonymous_14)
FNDA:0,(anonymous_15)
FNDA:0,(anonymous_16)
FNDA:0,(anonymous_17)
FNDA:0,(anonymous_18)
FNDA:0,(anonymous_19)
FNDA:0,(anonymous_20)
FNDA:0,(anonymous_21)
FNDA:0,(anonymous_22)
FNDA:0,(anonymous_23)
FNDA:0,(anonymous_24)
FNDA:0,(anonymous_25)
FNDA:0,(anonymous_26)
FNDA:0,(anonymous_27)
FNDA:0,(anonymous_28)
FNDA:0,(anonymous_29)
FNDA:0,(anonymous_30)
DA:1,1
DA:2,1
DA:3,1
DA:4,1
DA:6,1
DA:7,1
DA:8,1
DA:9,1
DA:10,1
DA:11,1
DA:12,1
DA:14,1
DA:15,1
DA:16,1
DA:17,1
DA:18,1
DA:19,1
DA:20,1
DA:21,1
DA:22,1
DA:25,1
DA:26,0
DA:31,0
DA:32,0
DA:33,0
DA:34,0
DA:35,0
DA:36,0
DA:37,0
DA:38,0
DA:39,0
DA:40,0
DA:41,0
DA:43,0
DA:45,0
DA:46,0
DA:49,0
DA:50,0
DA:53,0
DA:54,0
DA:55,0
DA:56,0
DA:57,0
DA:60,0
DA:62,0
DA:64,0
DA:65,0
DA:66,0
DA:71,0
DA:72,0
DA:75,0
DA:77,0
DA:78,0
DA:83,0
DA:84,0
DA:85,0
DA:88,0
DA:91,0
DA:92,0
DA:93,0
DA:94,0
DA:95,0
DA:97,0
DA:98,0
DA:99,0
DA:102,0
DA:105,0
DA:106,0
DA:114,0
DA:116,0
DA:121,0
DA:123,0
DA:128,0
DA:129,0
DA:133,0
DA:134,0
DA:138,0
DA:140,0
DA:141,0
DA:144,0
DA:145,0
DA:146,0
DA:149,0
DA:151,0
DA:189,0
DA:201,1
LF:86
LH:22
BRDA:55,0,0,0
BRDA:55,0,1,0
BRDA:92,1,0,0
BRDA:92,1,1,0
BRDA:157,2,0,0
BRDA:157,2,1,0
BRDA:161,3,0,0
BRDA:161,3,1,0
BRDA:185,4,0,0
BRDA:185,4,1,0
BRDA:196,5,0,0
BRDA:196,5,1,0
BRF:12
BRH:0
end_of_record
TN:
SF:src/pages/object-manage-format/PreviewModal.tsx
FN:7,(anonymous_6)
FN:8,(anonymous_7)
FN:9,(anonymous_8)
FNF:3
FNH:0
FNDA:0,(anonymous_6)
FNDA:0,(anonymous_7)
FNDA:0,(anonymous_8)
DA:1,1
DA:2,1
DA:3,1
DA:4,1
DA:7,1
DA:8,0
DA:9,0
DA:11,0
LF:8
LH:5
BRDA:14,0,0,0
BRDA:14,0,1,0
BRF:2
BRH:0
end_of_record
TN:
SF:src/pages/object-manage-format/components/editor/Editor.tsx
FN:23,(anonymous_7)
FN:32,(anonymous_8)
FN:44,(anonymous_9)
FN:46,(anonymous_10)
FN:52,(anonymous_11)
FN:60,(anonymous_12)
FN:65,(anonymous_13)
FN:67,(anonymous_14)
FN:72,(anonymous_15)
FN:74,(anonymous_16)
FN:76,(anonymous_17)
FN:87,(anonymous_18)
FN:87,(anonymous_19)
FN:116,(anonymous_20)
FN:125,(anonymous_21)
FN:140,(anonymous_22)
FN:153,(anonymous_23)
FN:197,(anonymous_24)
FN:213,(anonymous_25)
FN:218,(anonymous_26)
FN:225,(anonymous_27)
FNF:21
FNH:14
FNDA:12,(anonymous_7)
FNDA:12,(anonymous_8)
FNDA:7,(anonymous_9)
FNDA:7,(anonymous_10)
FNDA:10,(anonymous_11)
FNDA:3,(anonymous_12)
FNDA:7,(anonymous_13)
FNDA:1,(anonymous_14)
FNDA:1,(anonymous_15)
FNDA:1,(anonymous_16)
FNDA:2,(anonymous_17)
FNDA:2,(anonymous_18)
FNDA:2,(anonymous_19)
FNDA:2,(anonymous_20)
FNDA:0,(anonymous_21)
FNDA:0,(anonymous_22)
FNDA:0,(anonymous_23)
FNDA:0,(anonymous_24)
FNDA:0,(anonymous_25)
FNDA:0,(anonymous_26)
FNDA:0,(anonymous_27)
DA:1,2
DA:2,2
DA:3,2
DA:4,2
DA:7,2
DA:8,2
DA:9,2
DA:10,2
DA:11,2
DA:12,2
DA:13,2
DA:14,2
DA:15,2
DA:16,2
DA:17,2
DA:18,2
DA:19,2
DA:20,2
DA:21,2
DA:23,2
DA:32,12
DA:34,12
DA:35,12
DA:36,12
DA:37,12
DA:38,12
DA:39,12
DA:40,12
DA:42,12
DA:44,12
DA:45,7
DA:46,7
DA:47,7
DA:48,7
DA:52,12
DA:53,10
DA:54,3
DA:58,3
DA:59,3
DA:60,3
DA:61,3
DA:65,12
DA:67,12
DA:68,1
DA:69,1
DA:72,12
DA:74,12
DA:76,12
DA:77,2
DA:78,1
DA:79,1
DA:80,1
DA:81,1
DA:82,1
DA:84,1
DA:87,12
DA:88,2
DA:89,0
DA:90,0
DA:92,2
DA:93,1
DA:94,1
DA:95,1
DA:96,1
DA:97,1
DA:98,0
DA:99,0
DA:100,0
DA:101,0
DA:102,0
DA:103,0
DA:106,1
DA:107,1
DA:108,1
DA:109,1
DA:110,1
DA:111,1
DA:112,1
DA:113,1
DA:116,12
DA:117,2
DA:118,2
DA:119,0
DA:120,0
DA:122,2
DA:125,12
DA:126,0
DA:127,0
DA:128,0
DA:129,0
DA:132,0
DA:133,0
DA:134,0
DA:137,0
DA:140,12
DA:141,0
DA:142,0
DA:145,12
DA:153,0
DA:197,0
DA:226,0
LF:101
LH:78
BRDA:40,0,0,12
BRDA:40,0,1,7
BRDA:40,0,2,7
BRDA:53,1,0,3
BRDA:53,1,1,7
BRDA:53,2,0,10
BRDA:53,2,1,3
BRDA:56,3,0,3
BRDA:56,3,1,0
BRDA:61,4,0,0
BRDA:61,4,1,3
BRDA:61,5,0,3
BRDA:61,5,1,3
BRDA:65,6,0,7
BRDA:65,6,1,7
BRDA:77,7,0,1
BRDA:77,7,1,1
BRDA:88,8,0,0
BRDA:88,8,1,2
BRDA:92,9,0,1
BRDA:92,9,1,1
BRDA:93,10,0,1
BRDA:93,10,1,0
BRDA:97,11,0,1
BRDA:97,11,1,0
BRDA:106,12,0,1
BRDA:106,12,1,0
BRDA:108,13,0,0
BRDA:108,13,1,1
BRDA:118,14,0,0
BRDA:118,14,1,2
BRDA:118,15,0,2
BRDA:118,15,1,0
BRDA:118,16,0,2
BRDA:118,16,1,2
BRDA:118,17,0,0
BRDA:118,17,1,2
BRDA:118,18,0,2
BRDA:118,18,1,2
BRDA:126,19,0,0
BRDA:126,19,1,0
BRDA:132,20,0,0
BRDA:132,20,1,0
BRDA:142,21,0,0
BRDA:142,21,1,0
BRDA:153,22,0,0
BRDA:153,22,1,0
BRDA:164,23,0,7
BRDA:164,23,1,5
BRDA:167,24,0,12
BRDA:167,24,1,0
BRDA:177,25,0,12
BRDA:177,25,1,0
BRDA:188,26,0,12
BRDA:188,26,1,0
BRDA:192,27,0,12
BRDA:192,27,1,7
BRDA:199,28,0,6
BRDA:199,28,1,6
BRDA:199,29,0,12
BRDA:199,29,1,11
BRDA:209,30,0,12
BRDA:209,30,1,12
BRDA:211,31,0,12
BRDA:211,31,1,11
BRDA:213,32,0,12
BRDA:213,32,1,0
BRDA:213,32,2,0
BRDA:219,33,0,12
BRDA:219,33,1,2
BRDA:219,34,0,0
BRDA:219,34,1,2
BRDA:219,35,0,2
BRDA:219,35,1,2
BRDA:222,36,0,12
BRDA:222,36,1,0
BRF:76
BRH:51
end_of_record
TN:
SF:src/pages/object-manage-format/components/editor/Sidebar.tsx
FN:4,(anonymous_0)
FN:9,(anonymous_1)
FNF:2
FNH:0
FNDA:0,(anonymous_0)
FNDA:0,(anonymous_1)
DA:1,1
DA:2,1
DA:4,1
DA:5,0
DA:10,0
LF:5
LH:3
BRF:0
BRH:0
end_of_record
TN:
SF:src/pages/object-manage-format/components/editor/SidebarOption.tsx
FN:9,(anonymous_0)
FN:15,(anonymous_1)
FN:20,(anonymous_2)
FN:28,(anonymous_3)
FN:38,(anonymous_4)
FN:50,(anonymous_5)
FNF:6
FNH:5
FNDA:21,(anonymous_0)
FNDA:2,(anonymous_1)
FNDA:9,(anonymous_2)
FNDA:9,(anonymous_3)
FNDA:0,(anonymous_4)
FNDA:1,(anonymous_5)
DA:1,2
DA:2,2
DA:3,2
DA:4,2
DA:6,2
DA:9,2
DA:10,21
DA:11,21
DA:13,21
DA:15,21
DA:16,2
DA:17,2
DA:20,21
DA:21,9
DA:28,21
DA:29,9
DA:30,1
DA:33,21
DA:38,0
DA:51,1
LF:20
LH:19
BRDA:13,0,0,19
BRDA:13,0,1,2
BRDA:13,1,0,21
BRDA:13,1,1,2
BRDA:21,2,0,9
BRDA:21,2,1,5
BRDA:21,2,2,4
BRDA:21,2,3,3
BRDA:21,2,4,2
BRDA:21,2,5,2
BRDA:21,3,0,0
BRDA:21,3,1,9
BRDA:21,4,0,9
BRDA:21,4,1,9
BRDA:22,5,0,0
BRDA:22,5,1,5
BRDA:22,6,0,5
BRDA:22,6,1,5
BRDA:23,7,0,4
BRDA:23,7,1,0
BRDA:23,8,0,4
BRDA:23,8,1,4
BRDA:23,9,0,0
BRDA:23,9,1,4
BRDA:23,10,0,4
BRDA:23,10,1,4
BRDA:23,11,0,0
BRDA:23,11,1,4
BRDA:23,12,0,4
BRDA:23,12,1,4
BRDA:24,13,0,3
BRDA:24,13,1,0
BRDA:24,14,0,3
BRDA:24,14,1,3
BRDA:24,15,0,0
BRDA:24,15,1,3
BRDA:24,16,0,3
BRDA:24,16,1,3
BRDA:24,17,0,0
BRDA:24,17,1,3
BRDA:24,18,0,3
BRDA:24,18,1,3
BRDA:24,19,0,0
BRDA:24,19,1,3
BRDA:24,20,0,3
BRDA:24,20,1,3
BRDA:25,21,0,0
BRDA:25,21,1,2
BRDA:25,22,0,2
BRDA:25,22,1,2
BRDA:29,23,0,8
BRDA:29,23,1,1
BRDA:38,24,0,0
BRDA:38,24,1,0
BRDA:41,25,0,1
BRDA:41,25,1,20
BRDA:45,26,0,1
BRDA:45,26,1,20
BRDA:47,27,0,21
BRDA:47,27,1,8
BRF:60
BRH:48
end_of_record
TN:
SF:src/pages/object-manage-format/components/elements/Image.tsx
FN:5,(anonymous_0)
FN:10,(anonymous_1)
FNF:2
FNH:0
FNDA:0,(anonymous_0)
FNDA:0,(anonymous_1)
DA:1,1
DA:2,1
DA:3,1
DA:5,1
DA:6,0
DA:8,0
DA:10,0
DA:11,0
DA:14,0
LF:9
LH:4
BRDA:16,0,0,0
BRDA:16,0,1,0
BRDA:22,1,0,0
BRDA:22,1,1,0
BRDA:27,2,0,0
BRDA:27,2,1,0
BRF:6
BRH:0
end_of_record
TN:
SF:src/pages/object-manage-format/components/elements/Shape.tsx
FN:6,(anonymous_0)
FN:11,(anonymous_1)
FNF:2
FNH:0
FNDA:0,(anonymous_0)
FNDA:0,(anonymous_1)
DA:1,1
DA:2,1
DA:3,1
DA:6,1
DA:7,0
DA:9,0
DA:11,0
DA:12,0
DA:13,0
DA:14,0
DA:18,0
DA:20,0
LF:12
LH:4
BRDA:12,0,0,0
BRDA:12,0,1,0
BRDA:24,1,0,0
BRDA:24,1,1,0
BRF:4
BRH:0
end_of_record
TN:
SF:src/pages/object-manage-format/components/elements/Text.tsx
FN:5,(anonymous_0)
FN:10,(anonymous_1)
FN:18,(anonymous_2)
FNF:3
FNH:3
FNDA:5,(anonymous_0)
FNDA:5,(anonymous_1)
FNDA:1,(anonymous_2)
DA:1,2
DA:2,2
DA:5,2
DA:6,5
DA:8,5
DA:10,5
DA:11,5
DA:12,4
DA:14,4
DA:18,5
DA:19,1
DA:22,5
LF:12
LH:12
BRDA:5,0,0,4
BRDA:5,1,0,4
BRDA:11,2,0,4
BRDA:11,2,1,1
BRDA:22,3,0,1
BRDA:22,3,1,4
BRDA:33,4,0,1
BRDA:33,4,1,3
BRF:8
BRH:8
end_of_record
TN:
SF:src/pages/object-manage-format/components/elements/table/Body.tsx
FN:3,(anonymous_0)
FN:15,(anonymous_1)
FN:17,(anonymous_2)
FN:36,(anonymous_3)
FN:47,(anonymous_4)
FN:53,(anonymous_5)
FN:54,(anonymous_6)
FN:63,(anonymous_7)
FN:64,(anonymous_8)
FN:71,(anonymous_9)
FN:72,(anonymous_10)
FNF:11
FNH:11
FNDA:8,(anonymous_0)
FNDA:9,(anonymous_1)
FNDA:17,(anonymous_2)
FNDA:17,(anonymous_3)
FNDA:2,(anonymous_4)
FNDA:2,(anonymous_5)
FNDA:3,(anonymous_6)
FNDA:2,(anonymous_7)
FNDA:1,(anonymous_8)
FNDA:1,(anonymous_9)
FNDA:1,(anonymous_10)
DA:3,4
DA:13,8
DA:16,9
DA:18,17
DA:36,4
DA:46,17
DA:47,2
DA:50,17
DA:53,2
DA:55,3
DA:56,1
DA:60,1
DA:63,2
DA:64,1
DA:71,1
DA:72,1
LF:16
LH:16
BRDA:47,0,0,2
BRDA:47,0,1,2
BRDA:52,1,0,17
BRDA:52,1,1,17
BRDA:55,2,0,1
BRDA:55,2,1,2
BRDA:55,3,0,3
BRDA:55,3,1,2
BRDA:65,4,0,1
BRDA:65,4,1,16
BRF:10
BRH:10
end_of_record
TN:
SF:src/pages/object-manage-format/components/elements/table/Header.tsx
FN:4,(anonymous_0)
FN:16,(anonymous_1)
FN:18,(anonymous_2)
FN:41,(anonymous_3)
FN:54,(anonymous_4)
FN:55,(anonymous_5)
FN:65,(anonymous_6)
FN:66,(anonymous_7)
FN:74,(anonymous_8)
FN:75,(anonymous_9)
FNF:10
FNH:10
FNDA:8,(anonymous_0)
FNDA:16,(anonymous_1)
FNDA:2,(anonymous_2)
FNDA:16,(anonymous_3)
FNDA:2,(anonymous_4)
FNDA:3,(anonymous_5)
FNDA:2,(anonymous_6)
FNDA:1,(anonymous_7)
FNDA:1,(anonymous_8)
FNDA:1,(anonymous_9)
DA:2,3
DA:4,3
DA:14,8
DA:17,16
DA:18,2
DA:21,16
DA:41,3
DA:52,16
DA:54,2
DA:56,3
DA:57,1
DA:65,2
DA:66,1
DA:74,1
DA:75,1
LF:15
LH:15
BRDA:18,0,0,2
BRDA:18,0,1,2
BRDA:53,1,0,16
BRDA:53,1,1,0
BRDA:56,2,0,1
BRDA:56,2,1,2
BRDA:68,3,0,1
BRDA:68,3,1,15
BRF:8
BRH:7
end_of_record
TN:
SF:src/pages/object-manage-format/components/elements/table/Table.tsx
FN:10,(anonymous_0)
FN:18,(anonymous_1)
FN:24,(anonymous_2)
FN:31,(anonymous_3)
FN:32,(anonymous_4)
FN:39,(anonymous_5)
FN:44,(anonymous_6)
FN:45,(anonymous_7)
FN:50,(anonymous_8)
FN:51,(anonymous_9)
FN:76,(anonymous_10)
FNF:11
FNH:10
FNDA:8,(anonymous_0)
FNDA:6,(anonymous_1)
FNDA:6,(anonymous_2)
FNDA:6,(anonymous_3)
FNDA:2,(anonymous_4)
FNDA:6,(anonymous_5)
FNDA:6,(anonymous_6)
FNDA:5,(anonymous_7)
FNDA:5,(anonymous_8)
FNDA:0,(anonymous_9)
FNDA:2,(anonymous_10)
DA:1,3
DA:2,3
DA:3,3
DA:4,3
DA:5,3
DA:7,3
DA:10,3
DA:11,8
DA:12,8
DA:13,8
DA:14,8
DA:16,8
DA:18,8
DA:19,6
DA:20,1
DA:24,8
DA:25,6
DA:26,6
DA:27,6
DA:31,8
DA:32,6
DA:33,2
DA:34,0
DA:38,6
DA:39,6
DA:40,6
DA:44,8
DA:45,6
DA:46,6
DA:47,6
DA:48,5
DA:50,5
DA:51,0
DA:54,6
DA:64,8
DA:74,8
DA:76,8
DA:77,2
DA:79,2
DA:80,2
DA:81,2
DA:85,8
LF:42
LH:40
BRDA:19,0,0,1
BRDA:19,0,1,5
BRDA:19,1,0,6
BRDA:19,1,1,5
BRDA:19,2,0,0
BRDA:19,2,1,6
BRDA:19,3,0,6
BRDA:19,3,1,6
BRDA:19,4,0,0
BRDA:19,4,1,5
BRDA:19,5,0,5
BRDA:19,5,1,5
BRDA:25,6,0,6
BRDA:25,6,1,0
BRDA:33,7,0,0
BRDA:33,7,1,2
BRDA:33,8,0,2
BRDA:33,8,1,2
BRDA:45,9,0,6
BRDA:45,9,1,1
BRDA:45,10,0,1
BRDA:45,10,1,5
BRDA:45,11,0,6
BRDA:45,11,1,6
BRDA:45,12,0,0
BRDA:45,12,1,6
BRDA:45,13,0,6
BRDA:45,13,1,6
BRDA:49,14,0,0
BRDA:49,14,1,5
BRDA:49,15,0,5
BRDA:49,15,1,5
BRDA:49,16,0,0
BRDA:49,16,1,5
BRDA:49,17,0,5
BRDA:49,17,1,5
BRDA:55,18,0,1
BRDA:55,18,1,7
BRDA:55,19,0,8
BRDA:55,19,1,8
BRDA:55,20,0,0
BRDA:55,20,1,8
BRDA:55,21,0,8
BRDA:55,21,1,8
BRDA:77,22,0,2
BRDA:77,22,1,0
BRDA:77,23,0,2
BRDA:77,23,1,0
BRDA:77,24,0,2
BRDA:77,24,1,0
BRDA:77,25,0,0
BRDA:77,25,1,0
BRDA:77,26,0,0
BRDA:77,26,1,0
BRDA:79,27,0,2
BRDA:79,27,1,0
BRDA:86,28,0,1
BRDA:86,28,1,7
BRDA:87,29,0,8
BRDA:87,29,1,2
BRDA:94,30,0,1
BRDA:94,30,1,7
BRDA:97,31,0,8
BRDA:97,31,1,1
BRDA:97,32,0,1
BRDA:97,32,1,7
BRDA:97,33,0,8
BRDA:97,33,1,8
BRDA:97,34,0,0
BRDA:97,34,1,8
BRDA:97,35,0,8
BRDA:97,35,1,8
BRDA:98,36,0,1
BRDA:98,36,1,7
BRDA:98,37,0,8
BRDA:98,37,1,8
BRDA:98,38,0,0
BRDA:98,38,1,8
BRDA:98,39,0,8
BRDA:98,39,1,8
BRDA:118,40,0,8
BRDA:118,40,1,7
BRF:82
BRH:64
end_of_record
TN:
SF:src/pages/object-manage-format/components/elements/table/Toolbar.tsx
FN:10,(anonymous_0)
FN:15,(anonymous_1)
FN:21,(anonymous_2)
FN:26,(anonymous_3)
FN:31,(anonymous_4)
FN:39,(anonymous_5)
FN:59,(anonymous_6)
FN:62,(anonymous_7)
FN:72,(anonymous_8)
FN:77,(anonymous_9)
FN:78,(anonymous_10)
FNF:11
FNH:0
FNDA:0,(anonymous_0)
FNDA:0,(anonymous_1)
FNDA:0,(anonymous_2)
FNDA:0,(anonymous_3)
FNDA:0,(anonymous_4)
FNDA:0,(anonymous_5)
FNDA:0,(anonymous_6)
FNDA:0,(anonymous_7)
FNDA:0,(anonymous_8)
FNDA:0,(anonymous_9)
FNDA:0,(anonymous_10)
DA:1,3
DA:2,3
DA:3,3
DA:5,3
DA:6,3
DA:7,3
DA:10,3
DA:11,0
DA:13,0
DA:15,0
DA:21,0
DA:26,0
DA:31,3
DA:37,0
DA:39,3
DA:46,0
DA:59,3
DA:60,0
DA:62,0
DA:63,0
DA:64,0
DA:66,0
DA:67,0
DA:70,0
DA:73,0
DA:77,0
DA:78,0
LF:27
LH:10
BRDA:11,0,0,0
BRDA:11,0,1,0
BRDA:32,1,0,0
BRDA:48,2,0,0
BRDA:48,2,1,0
BRDA:48,3,0,0
BRDA:48,3,1,0
BRDA:64,4,0,0
BRDA:64,4,1,0
BRDA:77,5,0,0
BRDA:77,5,1,0
BRF:11
BRH:0
end_of_record
TN:
SF:src/pages/object-manage-format/components/tools/ColorPicker.tsx
FN:10,(anonymous_6)
FN:11,(anonymous_7)
FN:15,(anonymous_8)
FNF:3
FNH:0
FNDA:0,(anonymous_6)
FNDA:0,(anonymous_7)
FNDA:0,(anonymous_8)
DA:1,3
DA:2,3
DA:3,3
DA:10,3
DA:11,0
DA:12,0
DA:13,0
DA:15,0
DA:16,0
DA:19,0
DA:41,3
LF:11
LH:5
BRDA:22,0,0,0
BRDA:22,0,1,0
BRDA:28,1,0,0
BRDA:28,1,1,0
BRDA:28,2,0,0
BRDA:28,2,1,0
BRDA:29,3,0,0
BRDA:29,3,1,0
BRF:8
BRH:0
end_of_record
TN:
SF:src/pages/object-manage-format/components/tools/Icons.tsx
FN:1,(anonymous_0)
FN:22,(anonymous_1)
FN:49,(anonymous_2)
FN:76,(anonymous_3)
FN:103,(anonymous_4)
FN:128,(anonymous_5)
FN:153,(anonymous_6)
FN:180,(anonymous_7)
FN:200,(anonymous_8)
FN:227,(anonymous_9)
FNF:10
FNH:10
FNDA:15,(anonymous_0)
FNDA:15,(anonymous_1)
FNDA:15,(anonymous_2)
FNDA:15,(anonymous_3)
FNDA:15,(anonymous_4)
FNDA:15,(anonymous_5)
FNDA:15,(anonymous_6)
FNDA:15,(anonymous_7)
FNDA:15,(anonymous_8)
FNDA:15,(anonymous_9)
DA:1,5
DA:2,15
DA:22,5
DA:23,15
DA:49,5
DA:50,15
DA:76,5
DA:77,15
DA:103,5
DA:104,15
DA:128,5
DA:129,15
DA:153,5
DA:154,15
DA:180,5
DA:181,15
DA:200,5
DA:201,15
DA:227,5
DA:228,15
LF:20
LH:20
BRDA:6,0,0,0
BRDA:6,0,1,15
BRDA:9,1,0,0
BRDA:9,1,1,15
BRDA:29,2,0,0
BRDA:29,2,1,15
BRDA:36,3,0,0
BRDA:36,3,1,15
BRDA:53,4,0,15
BRDA:53,4,1,0
BRDA:63,5,0,15
BRDA:63,5,1,0
BRDA:80,6,0,0
BRDA:80,6,1,15
BRDA:90,7,0,0
BRDA:90,7,1,15
BRDA:107,8,0,0
BRDA:107,8,1,15
BRDA:120,9,0,0
BRDA:120,9,1,15
BRDA:132,10,0,0
BRDA:132,10,1,15
BRDA:145,11,0,0
BRDA:145,11,1,15
BRDA:157,12,0,0
BRDA:157,12,1,15
BRDA:167,13,0,0
BRDA:167,13,1,15
BRDA:184,14,0,0
BRDA:184,14,1,15
BRDA:193,15,0,0
BRDA:193,15,1,15
BRDA:204,16,0,5
BRDA:204,16,1,10
BRDA:214,17,0,5
BRDA:214,17,1,10
BRDA:231,18,0,1
BRDA:231,18,1,14
BRDA:241,19,0,1
BRDA:241,19,1,14
BRF:40
BRH:24
end_of_record
TN:
SF:src/pages/object-manage-format/components/tools/ImageTool.tsx
FN:10,(anonymous_6)
FN:15,(anonymous_7)
FN:24,(anonymous_8)
FN:31,(anonymous_9)
FNF:4
FNH:0
FNDA:0,(anonymous_6)
FNDA:0,(anonymous_7)
FNDA:0,(anonymous_8)
FNDA:0,(anonymous_9)
DA:1,5
DA:3,5
DA:4,5
DA:5,5
DA:6,5
DA:7,5
DA:8,5
DA:10,5
DA:11,0
DA:13,0
DA:15,0
DA:16,0
DA:17,0
DA:18,0
DA:19,0
DA:20,0
DA:23,0
DA:24,0
DA:25,0
DA:26,0
DA:28,0
DA:31,0
DA:33,0
LF:23
LH:8
BRDA:17,0,0,0
BRDA:17,0,1,0
BRDA:17,1,0,0
BRDA:17,1,1,0
BRDA:18,2,0,0
BRDA:18,2,1,0
BRDA:18,3,0,0
BRDA:18,3,1,0
BRF:8
BRH:0
end_of_record
TN:
SF:src/pages/object-manage-format/components/tools/ShapeTool.tsx
FN:10,(anonymous_1)
FN:13,(anonymous_2)
FN:20,(anonymous_3)
FN:22,(anonymous_4)
FN:25,(anonymous_5)
FN:36,(anonymous_6)
FNF:6
FNH:6
FNDA:7,(anonymous_1)
FNDA:31,(anonymous_2)
FNDA:9,(anonymous_3)
FNDA:9,(anonymous_4)
FNDA:28,(anonymous_5)
FNDA:13,(anonymous_6)
DA:1,5
DA:3,5
DA:4,5
DA:5,5
DA:6,5
DA:7,5
DA:8,5
DA:10,5
DA:11,7
DA:13,7
DA:14,31
DA:16,7
DA:20,9
DA:22,9
DA:25,28
DA:36,13
LF:16
LH:16
BRDA:20,0,0,0
BRDA:20,0,1,7
BRDA:20,1,0,7
BRDA:20,1,1,7
BRDA:22,2,0,0
BRDA:22,2,1,7
BRDA:22,3,0,7
BRDA:22,3,1,7
BRDA:37,4,0,28
BRDA:37,4,1,0
BRDA:37,5,0,28
BRDA:37,5,1,28
BRDA:37,6,0,0
BRDA:37,6,1,28
BRDA:37,7,0,28
BRDA:37,7,1,28
BRDA:37,8,0,0
BRDA:37,8,1,28
BRDA:37,9,0,28
BRDA:37,9,1,28
BRF:20
BRH:15
end_of_record
TN:
SF:src/pages/object-manage-format/components/tools/SidebarTools.tsx
FN:5,(anonymous_0)
FNF:1
FNH:1
FNDA:5,(anonymous_0)
DA:1,6
DA:2,6
DA:3,6
DA:5,6
DA:6,5
DA:7,5
DA:8,5
LF:7
LH:7
BRDA:7,0,0,4
BRDA:7,0,1,1
BRDA:7,1,0,5
BRDA:7,1,1,4
BRDA:10,2,0,5
BRDA:10,2,1,4
BRF:6
BRH:6
end_of_record
TN:
SF:src/pages/object-manage-format/components/tools/SizeControls.tsx
FN:7,(anonymous_6)
FN:9,(anonymous_7)
FN:22,(anonymous_8)
FN:31,(anonymous_9)
FNF:4
FNH:0
FNDA:0,(anonymous_6)
FNDA:0,(anonymous_7)
FNDA:0,(anonymous_8)
FNDA:0,(anonymous_9)
DA:1,4
DA:2,4
DA:4,4
DA:5,4
DA:7,4
DA:8,0
DA:9,0
DA:11,0
DA:22,0
DA:31,0
LF:10
LH:5
BRDA:21,0,0,0
BRDA:21,0,1,0
BRDA:21,1,0,0
BRDA:21,1,1,0
BRDA:30,2,0,0
BRDA:30,2,1,0
BRDA:30,3,0,0
BRDA:30,3,1,0
BRF:8
BRH:0
end_of_record
TN:
SF:src/pages/object-manage-format/components/tools/TableTool.tsx
FN:1,(anonymous_0)
FNF:1
FNH:0
FNDA:0,(anonymous_0)
DA:1,5
DA:2,0
LF:2
LH:1
BRF:0
BRH:0
end_of_record
TN:
SF:src/pages/object-manage-format/components/tools/TextTool.tsx
FN:11,(anonymous_1)
FN:16,(anonymous_2)
FN:16,(anonymous_3)
FN:18,(anonymous_4)
FN:18,(anonymous_5)
FN:20,(anonymous_6)
FN:20,(anonymous_7)
FN:22,(anonymous_8)
FN:22,(anonymous_9)
FN:24,(anonymous_10)
FN:24,(anonymous_11)
FN:26,(anonymous_12)
FN:26,(anonymous_13)
FN:28,(anonymous_14)
FN:30,(anonymous_15)
FN:32,(anonymous_16)
FN:40,(anonymous_17)
FN:51,(anonymous_18)
FN:53,(anonymous_19)
FN:55,(anonymous_20)
FN:57,(anonymous_21)
FN:60,(anonymous_22)
FN:75,(anonymous_23)
FN:104,(anonymous_24)
FN:109,(anonymous_25)
FN:110,(anonymous_26)
FN:125,(anonymous_27)
FN:132,(anonymous_28)
FN:133,(anonymous_29)
FN:151,(anonymous_30)
FN:159,(anonymous_31)
FNF:31
FNH:22
FNDA:19,(anonymous_1)
FNDA:14,(anonymous_2)
FNDA:14,(anonymous_3)
FNDA:12,(anonymous_4)
FNDA:14,(anonymous_5)
FNDA:0,(anonymous_6)
FNDA:0,(anonymous_7)
FNDA:1,(anonymous_8)
FNDA:2,(anonymous_9)
FNDA:4,(anonymous_10)
FNDA:6,(anonymous_11)
FNDA:0,(anonymous_12)
FNDA:0,(anonymous_13)
FNDA:14,(anonymous_14)
FNDA:14,(anonymous_15)
FNDA:1,(anonymous_16)
FNDA:9,(anonymous_17)
FNDA:1,(anonymous_18)
FNDA:1,(anonymous_19)
FNDA:7,(anonymous_20)
FNDA:1,(anonymous_21)
FNDA:5,(anonymous_22)
FNDA:0,(anonymous_23)
FNDA:76,(anonymous_24)
FNDA:0,(anonymous_25)
FNDA:1,(anonymous_26)
FNDA:76,(anonymous_27)
FNDA:1,(anonymous_28)
FNDA:0,(anonymous_29)
FNDA:0,(anonymous_30)
FNDA:0,(anonymous_31)
DA:1,5
DA:3,5
DA:4,5
DA:5,5
DA:6,5
DA:7,5
DA:8,5
DA:9,5
DA:11,5
DA:12,19
DA:13,19
DA:14,19
DA:16,19
DA:18,19
DA:20,19
DA:22,19
DA:24,19
DA:26,19
DA:28,19
DA:30,19
DA:32,19
DA:33,1
DA:37,1
DA:40,19
DA:41,9
DA:42,9
DA:43,1
DA:44,8
DA:45,1
DA:47,7
DA:51,19
DA:53,19
DA:55,19
DA:57,19
DA:58,1
DA:60,19
DA:61,5
DA:63,5
DA:64,1
DA:66,4
DA:67,4
DA:69,4
DA:70,4
DA:71,4
DA:75,19
DA:76,0
DA:78,0
DA:79,0
DA:81,0
DA:82,0
DA:84,0
DA:85,0
DA:86,0
DA:90,19
DA:104,76
DA:109,0
DA:110,1
DA:126,76
DA:127,76
DA:132,1
DA:134,0
DA:151,0
DA:159,0
LF:63
LH:51
BRDA:28,0,0,14
BRDA:28,0,1,0
BRDA:28,1,0,0
BRDA:28,1,1,14
BRDA:28,2,0,14
BRDA:28,2,1,14
BRDA:30,3,0,0
BRDA:30,3,1,14
BRDA:30,4,0,14
BRDA:30,4,1,14
BRDA:30,5,0,0
BRDA:30,5,1,19
BRDA:30,6,0,19
BRDA:30,6,1,19
BRDA:35,7,0,1
BRDA:35,7,1,0
BRDA:35,8,0,1
BRDA:35,8,1,0
BRDA:35,9,0,1
BRDA:35,9,1,1
BRDA:35,10,0,1
BRDA:35,10,1,0
BRDA:35,11,0,1
BRDA:35,11,1,1
BRDA:35,12,0,0
BRDA:35,12,1,0
BRDA:35,13,0,0
BRDA:35,13,1,0
BRDA:42,14,0,1
BRDA:42,14,1,8
BRDA:44,15,0,1
BRDA:44,15,1,7
BRDA:49,16,0,0
BRDA:49,16,1,19
BRDA:49,17,0,19
BRDA:49,17,1,19
BRDA:58,18,0,0
BRDA:58,18,1,1
BRDA:63,19,0,1
BRDA:63,19,1,4
BRDA:66,20,0,1
BRDA:66,20,1,3
BRDA:66,21,0,3
BRDA:66,21,1,0
BRDA:66,22,0,3
BRDA:66,22,1,3
BRDA:78,23,0,0
BRDA:78,23,1,0
BRDA:81,24,0,0
BRDA:81,24,1,0
BRDA:81,25,0,0
BRDA:81,25,1,0
BRDA:81,26,0,0
BRDA:81,26,1,0
BRDA:95,27,0,0
BRDA:95,27,1,19
BRDA:95,28,0,19
BRDA:95,28,1,19
BRDA:109,29,0,0
BRDA:109,29,1,0
BRDA:112,30,0,0
BRDA:112,30,1,76
BRDA:112,31,0,76
BRDA:112,31,1,76
BRDA:119,32,0,0
BRDA:119,32,1,19
BRDA:119,33,0,19
BRDA:119,33,1,19
BRDA:126,34,0,0
BRDA:126,34,1,76
BRDA:126,35,0,76
BRDA:126,35,1,76
BRDA:134,36,0,0
BRDA:134,36,1,0
BRDA:151,37,0,0
BRDA:151,37,1,0
BRDA:159,38,0,0
BRDA:159,38,1,0
BRF:78
BRH:44
end_of_record
TN:
SF:src/pages/object-manage-format/context/ObjectManageProvider.tsx
FN:5,(anonymous_0)
FN:9,(anonymous_1)
FN:10,(anonymous_2)
FN:20,(anonymous_3)
FN:27,(anonymous_4)
FN:40,(anonymous_5)
FN:48,(anonymous_6)
FNF:7
FNH:0
FNDA:0,(anonymous_0)
FNDA:0,(anonymous_1)
FNDA:0,(anonymous_2)
FNDA:0,(anonymous_3)
FNDA:0,(anonymous_4)
FNDA:0,(anonymous_5)
FNDA:0,(anonymous_6)
DA:1,1
DA:2,1
DA:3,1
DA:5,1
DA:6,0
DA:7,0
DA:9,0
DA:10,0
DA:19,0
DA:21,0
DA:26,0
DA:28,0
DA:39,0
DA:41,0
DA:42,0
DA:47,0
DA:48,0
DA:60,0
LF:18
LH:4
BRDA:14,0,0,0
BRDA:14,0,1,0
BRF:2
BRH:0
end_of_record
TN:
SF:src/pages/paths-data-files/CreateDataModal.tsx
FN:24,(anonymous_13)
FN:31,(anonymous_14)
FN:33,(anonymous_15)
FN:39,(anonymous_16)
FN:39,(anonymous_17)
FN:55,(anonymous_18)
FN:88,(anonymous_19)
FNF:7
FNH:7
FNDA:9,(anonymous_13)
FNDA:2,(anonymous_14)
FNDA:2,(anonymous_15)
FNDA:2,(anonymous_16)
FNDA:2,(anonymous_17)
FNDA:1,(anonymous_18)
FNDA:1,(anonymous_19)
DA:1,2
DA:2,2
DA:3,2
DA:4,2
DA:5,2
DA:6,2
DA:7,2
DA:9,2
DA:10,2
DA:11,2
DA:14,2
DA:24,2
DA:25,9
DA:26,9
DA:27,9
DA:28,9
DA:29,9
DA:31,9
DA:32,2
DA:33,2
DA:39,9
DA:40,2
DA:41,2
DA:42,1
DA:43,1
DA:44,1
DA:45,1
DA:46,1
DA:47,1
DA:51,9
DA:55,1
DA:88,1
LF:32
LH:32
BRDA:41,0,0,1
BRDA:41,0,1,1
BRDA:43,1,0,1
BRDA:43,1,1,0
BRDA:43,2,0,0
BRDA:43,2,1,1
BRDA:43,3,0,1
BRDA:43,3,1,1
BRDA:60,4,0,9
BRDA:60,4,1,2
BRDA:73,5,0,9
BRDA:73,5,1,2
BRDA:84,6,0,9
BRDA:84,6,1,2
BRDA:93,7,0,1
BRDA:93,7,1,8
BRDA:93,8,0,9
[...]
DA:15,11
DA:20,11
DA:22,1
DA:25,1
DA:26,1
DA:31,11
LF:9
LH:9
BRF:0
BRH:0
end_of_record
TN:
SF:src/redux/manage-content-product/actions.ts
FN:18,(anonymous_7)
FN:18,(anonymous_8)
FN:23,(anonymous_9)
FN:38,(anonymous_10)
FN:38,(anonymous_11)
FN:59,(anonymous_12)
FN:59,(anonymous_13)
FN:64,(anonymous_14)
FN:78,(anonymous_15)
FN:78,(anonymous_16)
FNF:10
FNH:10
FNDA:2,(anonymous_7)
FNDA:2,(anonymous_8)
FNDA:2,(anonymous_9)
FNDA:1,(anonymous_10)
FNDA:1,(anonymous_11)
FNDA:1,(anonymous_12)
FNDA:1,(anonymous_13)
FNDA:3,(anonymous_14)
FNDA:1,(anonymous_15)
FNDA:1,(anonymous_16)
DA:2,15
DA:4,15
DA:5,15
DA:6,15
DA:12,15
DA:13,15
DA:14,15
DA:16,15
DA:18,2
DA:19,2
DA:20,2
DA:22,2
DA:23,2
DA:29,1
DA:31,1
DA:36,15
DA:38,1
DA:39,1
DA:40,1
DA:41,1
DA:42,1
DA:43,1
DA:44,1
DA:52,0
DA:57,15
DA:59,1
DA:60,1
DA:61,1
DA:62,1
DA:63,1
DA:64,1
DA:65,3
DA:69,1
DA:71,0
DA:76,15
DA:78,1
DA:79,1
DA:80,1
DA:83,1
DA:85,1
DA:87,1
DA:89,0
LF:42
LH:39
BRDA:65,0,0,1
BRDA:65,0,1,2
BRF:2
BRH:2
end_of_record
TN:
SF:src/redux/manage-content-product/manageContentProductSlice.ts
FN:21,(anonymous_0)
FN:23,(anonymous_1)
FN:27,(anonymous_2)
FN:30,(anonymous_3)
FN:33,(anonymous_4)
FNF:5
FNH:5
FNDA:11,(anonymous_0)
FNDA:1,(anonymous_1)
FNDA:1,(anonymous_2)
FNDA:1,(anonymous_3)
FNDA:1,(anonymous_4)
DA:1,11
DA:3,11
DA:11,11
DA:17,11
DA:22,11
DA:24,1
DA:25,1
DA:28,1
DA:31,1
DA:34,1
DA:39,11
LF:11
LH:11
BRF:0
BRH:0
end_of_record
TN:
SF:src/redux/object-manage-format/actions.ts
FN:17,(anonymous_7)
FN:17,(anonymous_8)
FN:22,(anonymous_9)
FN:36,(anonymous_10)
FN:36,(anonymous_11)
FN:50,(anonymous_12)
FN:50,(anonymous_13)
FN:64,(anonymous_14)
FN:64,(anonymous_15)
FN:83,(anonymous_16)
FN:83,(anonymous_17)
FNF:11
FNH:11
FNDA:1,(anonymous_7)
FNDA:1,(anonymous_8)
FNDA:2,(anonymous_9)
FNDA:1,(anonymous_10)
FNDA:1,(anonymous_11)
FNDA:1,(anonymous_12)
FNDA:1,(anonymous_13)
FNDA:2,(anonymous_14)
FNDA:2,(anonymous_15)
FNDA:1,(anonymous_16)
FNDA:1,(anonymous_17)
DA:2,13
DA:4,13
DA:5,13
DA:6,13
DA:12,13
DA:13,13
DA:15,13
DA:17,1
DA:18,1
DA:19,1
DA:21,1
DA:22,2
DA:28,1
DA:30,0
DA:31,0
DA:36,13
DA:37,1
DA:38,1
DA:40,1
DA:42,1
DA:44,0
DA:48,13
DA:50,1
DA:51,1
DA:52,1
DA:53,1
DA:55,1
DA:57,0
DA:62,13
DA:64,2
DA:65,2
DA:66,2
DA:70,2
DA:72,1
DA:74,1
DA:76,1
DA:81,13
DA:83,1
DA:84,1
DA:85,1
DA:86,1
DA:87,1
DA:89,0
LF:43
LH:38
BRDA:24,0,0,0
BRDA:24,0,1,2
BRDA:24,1,0,2
BRDA:24,1,1,2
BRDA:24,2,0,0
BRDA:24,2,1,2
BRDA:24,3,0,2
BRDA:24,3,1,2
BRDA:25,4,0,0
BRDA:25,4,1,2
BRDA:25,5,0,2
BRDA:25,5,1,2
BRF:12
BRH:9
end_of_record
TN:
SF:src/redux/object-manage-format/objectManageFormatSlice.ts
FN:23,(anonymous_0)
FN:27,(anonymous_1)
FN:29,(anonymous_2)
FN:33,(anonymous_3)
FN:36,(anonymous_4)
FNF:5
FNH:5
FNDA:1,(anonymous_0)
FNDA:11,(anonymous_1)
FNDA:1,(anonymous_2)
FNDA:1,(anonymous_3)
FNDA:1,(anonymous_4)
DA:2,12
DA:3,12
DA:12,12
DA:19,12
DA:24,1
DA:28,11
DA:30,1
DA:31,1
DA:34,1
DA:37,1
DA:38,1
DA:43,12
DA:45,12
LF:13
LH:13
BRF:0
BRH:0
end_of_record
TN:
SF:src/redux/paths/actions.ts
FN:9,(anonymous_7)
FN:9,(anonymous_8)
FN:19,(anonymous_9)
FN:19,(anonymous_10)
FN:33,(anonymous_11)
FN:33,(anonymous_12)
FN:49,(anonymous_13)
FN:49,(anonymous_14)
FNF:8
FNH:8
FNDA:1,(anonymous_7)
FNDA:1,(anonymous_8)
FNDA:1,(anonymous_9)
FNDA:1,(anonymous_10)
FNDA:1,(anonymous_11)
FNDA:1,(anonymous_12)
FNDA:1,(anonymous_13)
FNDA:1,(anonymous_14)
DA:2,13
DA:3,13
DA:5,13
DA:6,13
DA:7,13
DA:9,13
DA:10,1
DA:11,1
DA:12,1
DA:13,1
DA:15,0
DA:19,13
DA:20,1
DA:21,1
DA:25,1
DA:26,1
DA:27,1
DA:29,0
DA:33,13
DA:34,1
DA:35,1
DA:39,1
DA:41,1
DA:43,1
DA:45,0
DA:49,13
DA:50,1
DA:51,1
DA:55,1
DA:57,1
DA:59,1
DA:61,0
LF:32
LH:28
BRDA:43,0,0,0
BRDA:43,0,1,1
BRDA:43,1,0,1
BRDA:43,1,1,1
BRF:4
BRH:3
end_of_record
TN:
SF:src/redux/paths/pathsSlice.ts
FN:19,(anonymous_0)
FN:20,(anonymous_1)
FN:24,(anonymous_2)
FN:27,(anonymous_3)
FN:30,(anonymous_4)
FNF:5
FNH:5
FNDA:11,(anonymous_0)
FNDA:1,(anonymous_1)
FNDA:1,(anonymous_2)
FNDA:1,(anonymous_3)
FNDA:1,(anonymous_4)
DA:1,11
DA:3,11
DA:10,11
DA:15,11
DA:20,11
DA:21,1
DA:22,1
DA:24,11
DA:25,1
DA:27,11
DA:28,1
DA:30,11
DA:31,1
DA:36,11
LF:14
LH:14
BRF:0
BRH:0
end_of_record
TN:
SF:src/redux/paths-data-files/actions.ts
FN:11,(anonymous_7)
FN:11,(anonymous_8)
FN:17,(anonymous_9)
FN:28,(anonymous_10)
FN:28,(anonymous_11)
FN:36,(anonymous_12)
FN:55,(anonymous_13)
FN:55,(anonymous_14)
FN:63,(anonymous_15)
FN:64,(anonymous_16)
FN:73,(anonymous_17)
FNF:11
FNH:11
FNDA:1,(anonymous_7)
FNDA:1,(anonymous_8)
FNDA:2,(anonymous_9)
FNDA:1,(anonymous_10)
FNDA:1,(anonymous_11)
FNDA:3,(anonymous_12)
FNDA:1,(anonymous_13)
FNDA:1,(anonymous_14)
FNDA:3,(anonymous_15)
FNDA:3,(anonymous_16)
FNDA:6,(anonymous_17)
DA:2,13
DA:3,13
DA:5,13
DA:6,13
DA:7,13
DA:9,13
DA:11,1
DA:12,1
DA:13,1
DA:15,1
DA:17,2
DA:19,1
DA:21,0
DA:26,13
DA:28,1
DA:29,1
DA:30,1
DA:31,1
DA:32,1
DA:34,1
DA:36,3
DA:38,1
DA:43,1
DA:48,0
DA:53,13
DA:55,1
DA:56,1
DA:57,1
DA:58,1
DA:59,1
DA:60,1
DA:62,1
DA:63,3
DA:64,3
DA:66,1
DA:68,0
DA:73,13
DA:74,6
LF:38
LH:35
BRDA:36,0,0,2
BRDA:36,0,1,1
BRDA:63,1,0,1
BRDA:63,1,1,2
BRDA:64,2,0,1
BRDA:64,2,1,2
BRDA:74,3,0,6
BRDA:74,3,1,6
BRDA:74,3,2,5
BRDA:74,3,3,3
BRF:10
BRH:10
end_of_record
TN:
SF:src/redux/paths-data-files/pathsDataFileSlice.ts
FN:23,(anonymous_0)
FN:25,(anonymous_1)
FN:29,(anonymous_2)
FN:32,(anonymous_3)
FNF:4
FNH:4
FNDA:11,(anonymous_0)
FNDA:1,(anonymous_1)
FNDA:1,(anonymous_2)
FNDA:1,(anonymous_3)
DA:1,11
DA:3,11
DA:12,11
DA:19,11
DA:24,11
DA:26,1
DA:27,1
DA:30,1
DA:33,1
DA:38,11
LF:10
LH:10
BRF:0
BRH:0
end_of_record
TN:
SF:src/redux/pdf/actions.ts
FN:9,(anonymous_8)
FN:9,(anonymous_9)
FN:23,(anonymous_10)
FN:23,(anonymous_11)
FN:35,(anonymous_12)
FN:35,(anonymous_13)
FN:45,(anonymous_14)
FN:45,(anonymous_15)
FN:57,(anonymous_16)
FN:57,(anonymous_17)
FNF:10
FNH:10
FNDA:1,(anonymous_8)
FNDA:1,(anonymous_9)
FNDA:2,(anonymous_10)
FNDA:2,(anonymous_11)
FNDA:2,(anonymous_12)
FNDA:2,(anonymous_13)
FNDA:1,(anonymous_14)
FNDA:1,(anonymous_15)
FNDA:2,(anonymous_16)
FNDA:2,(anonymous_17)
DA:2,12
DA:3,12
DA:4,12
DA:6,12
DA:7,12
DA:9,12
DA:10,1
DA:11,1
DA:15,1
DA:16,1
DA:17,1
DA:19,0
DA:23,12
DA:24,2
DA:25,2
DA:28,2
DA:29,1
DA:31,1
DA:35,12
DA:36,2
DA:37,2
DA:38,2
DA:39,1
DA:41,1
DA:45,12
DA:46,1
DA:47,1
DA:48,1
DA:49,1
DA:51,0
DA:55,12
DA:57,2
DA:58,2
DA:59,2
DA:62,2
DA:63,1
DA:65,1
LF:37
LH:35
BRDA:16,0,0,1
BRDA:16,0,1,0
BRF:2
BRH:1
end_of_record
TN:
SF:src/redux/pdf/pdfSlice.ts
FN:21,(anonymous_0)
FN:25,(anonymous_1)
FN:26,(anonymous_2)
FN:30,(anonymous_3)
FNF:4
FNH:4
FNDA:1,(anonymous_0)
FNDA:11,(anonymous_1)
FNDA:1,(anonymous_2)
FNDA:1,(anonymous_3)
DA:1,12
DA:3,12
DA:11,12
DA:17,12
DA:22,1
DA:26,11
DA:27,1
DA:28,1
DA:30,11
DA:31,1
DA:35,12
DA:36,12
LF:12
LH:12
BRF:0
BRH:0
end_of_record
TN:
SF:src/redux/product-input/actions.ts
FN:13,(anonymous_7)
FN:13,(anonymous_8)
FN:29,(anonymous_9)
FN:29,(anonymous_10)
FN:45,(anonymous_11)
FN:45,(anonymous_12)
FN:57,(anonymous_13)
FN:57,(anonymous_14)
FN:73,(anonymous_15)
FN:73,(anonymous_16)
FNF:10
FNH:10
FNDA:2,(anonymous_7)
FNDA:2,(anonymous_8)
FNDA:2,(anonymous_9)
FNDA:2,(anonymous_10)
FNDA:2,(anonymous_11)
FNDA:2,(anonymous_12)
FNDA:2,(anonymous_13)
FNDA:2,(anonymous_14)
FNDA:2,(anonymous_15)
FNDA:2,(anonymous_16)
DA:2,16
DA:3,16
DA:4,16
DA:6,16
DA:7,16
DA:8,16
DA:9,16
DA:11,16
DA:13,2
DA:14,2
DA:15,2
DA:19,2
DA:21,1
DA:22,1
DA:24,1
DA:29,16
DA:30,2
DA:31,2
DA:35,2
DA:37,1
DA:39,1
DA:41,1
DA:45,16
DA:46,2
DA:47,2
DA:48,2
DA:49,1
DA:51,1
DA:55,16
DA:57,2
DA:58,2
DA:59,2
DA:63,2
DA:65,1
DA:66,1
DA:68,1
DA:73,16
DA:74,2
DA:75,2
DA:76,2
DA:77,1
DA:79,1
LF:42
LH:42
BRDA:39,0,0,0
BRDA:39,0,1,1
BRDA:39,1,0,1
BRDA:39,1,1,1
BRF:4
BRH:3
end_of_record
TN:
SF:src/redux/product-input/productInputSlice.ts
FN:21,(anonymous_0)
FN:25,(anonymous_1)
FN:26,(anonymous_2)
FN:29,(anonymous_3)
FN:32,(anonymous_4)
FN:36,(anonymous_5)
FN:39,(anonymous_6)
FNF:7
FNH:7
FNDA:1,(anonymous_0)
FNDA:11,(anonymous_1)
FNDA:1,(anonymous_2)
FNDA:1,(anonymous_3)
FNDA:1,(anonymous_4)
FNDA:1,(anonymous_5)
FNDA:1,(anonymous_6)
DA:1,12
DA:3,12
DA:11,12
DA:17,12
DA:22,1
DA:26,11
DA:27,1
DA:29,11
DA:30,1
DA:32,11
DA:33,1
DA:34,1
DA:36,11
DA:37,1
DA:39,11
DA:40,1
DA:44,12
DA:45,12
LF:18
LH:18
BRF:0
BRH:0
end_of_record
TN:
SF:src/redux/product-management/actions.ts
FN:10,(anonymous_8)
FN:10,(anonymous_9)
FN:22,(anonymous_10)
FN:22,(anonymous_11)
FN:27,(anonymous_12)
FN:39,(anonymous_13)
FN:39,(anonymous_14)
FN:53,(anonymous_15)
FN:53,(anonymous_16)
FNF:9
FNH:9
FNDA:2,(anonymous_8)
FNDA:2,(anonymous_9)
FNDA:1,(anonymous_10)
FNDA:1,(anonymous_11)
FNDA:2,(anonymous_12)
FNDA:1,(anonymous_13)
FNDA:1,(anonymous_14)
FNDA:1,(anonymous_15)
FNDA:1,(anonymous_16)
DA:1,15
DA:2,15
DA:3,15
DA:4,15
DA:8,15
DA:10,2
DA:11,2
DA:12,2
DA:14,2
DA:15,1
DA:17,1
DA:22,15
DA:23,1
DA:24,1
DA:26,1
DA:27,2
DA:33,0
DA:37,15
DA:39,1
DA:40,1
DA:41,1
DA:43,1
DA:44,1
DA:46,0
DA:51,15
DA:53,1
DA:54,1
DA:55,1
DA:57,1
DA:58,1
DA:60,0
LF:31
LH:28
BRF:0
BRH:0
end_of_record
TN:
SF:src/redux/product-management/productManagementSlice.ts
FN:27,(anonymous_0)
FN:29,(anonymous_1)
FN:34,(anonymous_2)
FN:42,(anonymous_3)
FN:44,(anonymous_4)
FN:50,(anonymous_5)
FN:54,(anonymous_6)
FN:58,(anonymous_7)
FN:62,(anonymous_8)
FNF:9
FNH:9
FNDA:11,(anonymous_0)
FNDA:1,(anonymous_1)
FNDA:1,(anonymous_2)
FNDA:1,(anonymous_3)
FNDA:2,(anonymous_4)
FNDA:1,(anonymous_5)
FNDA:1,(anonymous_6)
FNDA:1,(anonymous_7)
FNDA:1,(anonymous_8)
DA:1,11
DA:3,11
DA:14,11
DA:23,11
DA:28,11
DA:30,1
DA:31,1
DA:32,1
DA:35,1
DA:36,1
DA:37,1
DA:38,1
DA:39,1
DA:40,1
DA:43,1
DA:44,1
DA:45,2
DA:47,1
DA:48,1
DA:51,1
DA:52,1
DA:55,1
DA:56,1
DA:59,1
DA:60,1
DA:62,11
DA:63,1
DA:68,11
LF:28
LH:28
BRDA:36,0,0,1
BRDA:36,0,1,0
BRDA:36,1,0,0
BRDA:36,1,1,1
BRDA:36,2,0,1
BRDA:36,2,1,1
BRDA:36,3,0,0
BRDA:36,3,1,1
BRDA:36,4,0,1
BRDA:36,4,1,1
BRDA:36,5,0,0
BRDA:36,5,1,1
BRDA:36,6,0,1
BRDA:36,6,1,1
BRDA:36,7,0,0
BRDA:36,7,1,1
BRDA:36,8,0,1
BRDA:36,8,1,1
BRDA:45,9,0,1
BRDA:45,9,1,1
BRF:20
BRH:15
end_of_record
TN:
SF:src/redux/sidebar/sidebarSlice.ts
FN:11,(anonymous_0)
FN:14,(anonymous_1)
FNF:2
FNH:2
FNDA:1,(anonymous_0)
FNDA:2,(anonymous_1)
DA:1,12
DA:3,12
DA:7,12
DA:12,1
DA:15,2
DA:19,12
DA:20,12
LF:7
LH:7
BRF:0
BRH:0
end_of_record
TN:
SF:src/redux/user-management/actions.ts
FN:9,(anonymous_8)
FN:9,(anonymous_9)
FN:14,(anonymous_10)
FN:22,(anonymous_11)
FN:22,(anonymous_12)
FN:35,(anonymous_13)
FN:35,(anonymous_14)
FNF:7
FNH:7
FNDA:1,(anonymous_8)
FNDA:1,(anonymous_9)
FNDA:2,(anonymous_10)
FNDA:1,(anonymous_11)
FNDA:1,(anonymous_12)
FNDA:1,(anonymous_13)
FNDA:1,(anonymous_14)
DA:2,13
DA:3,13
DA:4,13
DA:5,13
DA:7,13
DA:9,13
DA:10,1
DA:11,1
DA:13,1
DA:14,2
DA:16,0
DA:20,13
DA:22,1
DA:23,1
DA:24,1
DA:25,1
DA:26,1
DA:28,0
DA:33,13
DA:35,1
DA:36,1
DA:37,1
DA:38,1
DA:39,1
DA:40,1
DA:41,1
DA:43,0
LF:27
LH:24
BRF:0
BRH:0
end_of_record
TN:
SF:src/redux/user-management/userManagementSlice.ts
FN:25,(anonymous_0)
FN:27,(anonymous_1)
FN:33,(anonymous_2)
FN:41,(anonymous_3)
FN:46,(anonymous_4)
FN:50,(anonymous_5)
FNF:6
FNH:6
FNDA:11,(anonymous_0)
FNDA:1,(anonymous_1)
FNDA:1,(anonymous_2)
FNDA:1,(anonymous_3)
FNDA:1,(anonymous_4)
FNDA:1,(anonymous_5)
DA:1,11
DA:3,11
DA:13,11
DA:21,11
DA:26,11
DA:28,1
DA:29,1
DA:30,1
DA:31,1
DA:34,1
DA:35,1
DA:36,1
DA:37,1
DA:38,1
DA:39,1
DA:42,1
DA:43,1
DA:44,1
DA:47,1
DA:48,1
DA:51,1
DA:52,1
DA:57,11
LF:23
LH:23
BRDA:35,0,0,1
BRDA:35,0,1,0
BRDA:35,1,0,0
BRDA:35,1,1,1
BRDA:35,2,0,1
BRDA:35,2,1,1
BRDA:35,3,0,0
BRDA:35,3,1,1
BRDA:35,4,0,1
BRDA:35,4,1,1
BRDA:35,5,0,0
BRDA:35,5,1,1
BRDA:35,6,0,1
BRDA:35,6,1,1
BRDA:35,7,0,0
BRDA:35,7,1,1
BRDA:35,8,0,1
BRDA:35,8,1,1
BRF:18
BRH:13
end_of_record
TN:
SF:src/redux/user-roles/actions.ts
FN:9,(anonymous_7)
FN:9,(anonymous_8)
FN:19,(anonymous_9)
FN:19,(anonymous_10)
FNF:4
FNH:4
FNDA:2,(anonymous_7)
FNDA:2,(anonymous_8)
FNDA:2,(anonymous_9)
FNDA:2,(anonymous_10)
DA:2,14
DA:3,14
DA:4,14
DA:5,14
DA:7,14
DA:9,14
DA:10,2
DA:11,2
DA:12,2
DA:13,1
DA:15,1
DA:19,14
DA:20,2
DA:21,2
DA:25,2
DA:26,1
DA:27,1
DA:29,1
LF:18
LH:18
BRF:0
BRH:0
end_of_record
TN:
SF:src/redux/user-roles/userRolesSlice.ts
FN:24,(anonymous_0)
FN:26,(anonymous_1)
FN:37,(anonymous_2)
FN:40,(anonymous_3)
FN:46,(anonymous_4)
FNF:5
FNH:5
FNDA:11,(anonymous_0)
FNDA:3,(anonymous_1)
FNDA:3,(anonymous_2)
FNDA:2,(anonymous_3)
FNDA:3,(anonymous_4)
DA:2,11
DA:4,11
DA:13,11
DA:20,11
DA:25,11
DA:28,3
DA:29,1
DA:32,2
DA:33,2
DA:35,3
DA:38,3
DA:42,2
DA:43,2
DA:44,2
DA:47,3
DA:52,11
LF:16
LH:16
BRDA:28,0,0,1
BRDA:28,0,1,2
BRDA:32,1,0,1
BRDA:32,1,1,1
BRDA:32,2,0,2
BRDA:32,2,1,2
BRDA:32,3,0,0
BRDA:32,3,1,2
BRDA:32,4,0,2
BRDA:32,4,1,2
BRDA:33,5,0,1
BRDA:33,5,1,1
BRDA:33,6,0,0
BRDA:33,6,1,2
BRDA:33,7,0,2
BRDA:33,7,1,2
BRDA:38,8,0,2
BRDA:38,8,1,1
BRDA:38,9,0,3
BRDA:38,9,1,3
BRDA:38,10,0,1
BRDA:38,10,1,2
BRDA:38,11,0,3
BRDA:38,11,1,3
BRDA:38,12,0,1
BRDA:38,12,1,1
BRDA:38,13,0,2
BRDA:38,13,1,2
BRDA:42,14,0,1
BRDA:42,14,1,1
BRDA:42,15,0,2
BRDA:42,15,1,2
BRDA:43,16,0,1
BRDA:43,16,1,1
BRDA:43,17,0,2
BRDA:43,17,1,2
BRDA:47,18,0,2
BRDA:47,18,1,1
BRDA:47,19,0,3
BRDA:47,19,1,3
BRDA:47,20,0,1
BRDA:47,20,1,2
BRDA:47,21,0,3
BRDA:47,21,1,3
BRDA:47,22,0,1
BRDA:47,22,1,1
BRDA:47,23,0,2
BRDA:47,23,1,2
BRF:48
BRH:46
end_of_record
TN:
SF:src/utils/Array.ts
FN:10,(anonymous_0)
FN:11,(anonymous_1)
FN:21,(anonymous_2)
FN:32,(anonymous_3)
FN:33,(anonymous_4)
FN:42,(anonymous_5)
FN:55,(anonymous_6)
FN:66,(anonymous_7)
FN:67,(anonymous_8)
FNF:9
FNH:9
FNDA:1,(anonymous_0)
FNDA:2,(anonymous_1)
FNDA:2,(anonymous_2)
FNDA:1,(anonymous_3)
FNDA:2,(anonymous_4)
FNDA:34,(anonymous_5)
FNDA:12,(anonymous_6)
FNDA:1,(anonymous_7)
FNDA:2,(anonymous_8)
DA:10,23
DA:11,2
DA:21,23
DA:22,2
DA:32,23
DA:33,2
DA:42,23
DA:43,34
DA:44,6
DA:45,4
DA:46,2
DA:55,23
DA:56,12
DA:66,23
DA:67,2
LF:15
LH:15
BRDA:11,0,0,1
BRDA:11,0,1,1
BRDA:11,1,0,0
BRDA:11,1,1,2
BRDA:11,2,0,2
BRDA:11,2,1,2
BRDA:11,3,0,0
BRDA:11,3,1,2
BRDA:11,4,0,2
BRDA:11,4,1,2
BRDA:22,5,0,1
BRDA:22,5,1,1
BRDA:33,6,0,0
BRDA:33,6,1,2
BRDA:33,7,0,2
BRDA:33,7,1,2
BRDA:43,8,0,28
BRDA:43,8,1,6
BRDA:44,9,0,2
BRDA:44,9,1,4
BRDA:44,10,0,6
BRDA:44,10,1,5
BRDA:45,11,0,2
BRDA:45,11,1,2
BRF:24
BRH:21
end_of_record
TN:
SF:src/utils/Diff.ts
FN:18,(anonymous_0)
FN:28,(anonymous_1)
FNF:2
FNH:2
FNDA:5,(anonymous_0)
FNDA:12,(anonymous_1)
DA:18,7
DA:23,5
DA:25,3
DA:26,3
DA:28,3
DA:29,12
DA:31,11
DA:32,11
DA:33,11
DA:35,11
DA:37,11
DA:38,2
DA:42,3
LF:13
LH:13
BRDA:23,0,0,2
BRDA:23,0,1,3
BRDA:23,1,0,5
BRDA:23,1,1,4
BRDA:29,2,0,1
BRDA:29,2,1,11
BRDA:29,3,0,8
BRDA:29,3,1,4
BRDA:29,4,0,12
BRDA:29,4,1,12
BRDA:29,5,0,4
BRDA:29,5,1,8
BRDA:29,6,0,12
BRDA:29,6,1,12
BRDA:33,7,0,7
BRDA:33,7,1,4
BRDA:33,8,0,11
BRDA:33,8,1,11
BRDA:33,9,0,4
BRDA:33,9,1,7
BRDA:33,10,0,11
BRDA:33,10,1,11
BRDA:35,11,0,1
BRDA:35,11,1,10
BRDA:37,12,0,2
BRDA:37,12,1,9
BRF:26
BRH:26
end_of_record
TN:
SF:src/utils/DownloadDataTale.ts
FN:4,(anonymous_0)
FN:5,(anonymous_1)
FN:6,(anonymous_2)
FN:8,(anonymous_3)
FN:8,(anonymous_4)
FN:22,(anonymous_5)
FNF:6
FNH:6
FNDA:1,(anonymous_0)
FNDA:2,(anonymous_1)
FNDA:2,(anonymous_2)
FNDA:2,(anonymous_3)
FNDA:4,(anonymous_4)
FNDA:2,(anonymous_5)
DA:4,2
DA:5,2
DA:6,2
DA:8,4
DA:9,1
DA:11,1
DA:12,1
DA:14,1
DA:15,1
DA:16,1
DA:17,1
DA:18,1
DA:19,1
DA:22,2
DA:23,2
DA:24,2
DA:26,1
DA:27,1
DA:29,1
DA:57,1
DA:58,1
DA:59,1
LF:22
LH:22
BRDA:24,0,0,1
BRDA:24,0,1,1
BRDA:27,1,0,0
BRDA:27,1,1,1
BRF:4
BRH:3
end_of_record
TN:
SF:src/utils/DragAndDrop.ts
FN:33,(anonymous_0)
FN:45,(anonymous_1)
FN:76,(anonymous_2)
FN:84,(anonymous_3)
FN:87,(anonymous_4)
FNF:5
FNH:5
FNDA:1,(anonymous_0)
FNDA:3,(anonymous_1)
FNDA:2,(anonymous_2)
FNDA:2,(anonymous_3)
FNDA:1,(anonymous_4)
DA:33,4
DA:34,1
DA:35,1
DA:36,1
DA:45,4
DA:51,3
DA:52,3
DA:53,3
DA:55,3
DA:56,3
DA:58,3
DA:59,3
DA:61,3
DA:62,3
DA:64,3
DA:65,3
DA:67,3
DA:76,4
DA:83,2
DA:84,2
DA:86,2
DA:87,1
DA:90,1
DA:91,1
DA:93,1
LF:25
LH:25
BRDA:55,0,0,3
BRDA:55,0,1,0
BRDA:55,1,0,3
BRDA:55,1,1,3
BRDA:56,2,0,3
BRDA:56,2,1,0
BRDA:56,3,0,3
BRDA:56,3,1,3
BRDA:86,4,0,1
BRDA:86,4,1,1
BRDA:87,5,0,1
BRDA:87,5,1,0
BRF:12
BRH:9
end_of_record
TN:
SF:src/utils/Fetch.ts
FN:10,(anonymous_8)
FN:12,(anonymous_9)
FN:12,(anonymous_10)
FNF:3
FNH:3
FNDA:1,(anonymous_8)
FNDA:6,(anonymous_9)
FNDA:6,(anonymous_10)
DA:2,1
DA:3,1
DA:4,1
DA:10,1
DA:11,1
DA:12,6
DA:13,6
DA:17,6
DA:18,6
DA:19,5
DA:25,6
DA:30,6
DA:31,6
DA:33,3
DA:34,1
DA:35,1
DA:38,2
DA:40,4
DA:41,2
DA:42,2
DA:45,4
DA:51,1
DA:53,1
LF:23
LH:23
BRDA:18,0,0,5
BRDA:18,0,1,1
BRDA:33,1,0,1
BRDA:33,1,1,2
BRDA:40,2,0,2
BRDA:40,2,1,2
BRDA:40,3,0,4
BRDA:40,3,1,2
BRDA:40,4,0,0
BRDA:40,4,1,4
BRDA:40,5,0,4
BRDA:40,5,1,4
BRDA:40,6,0,0
BRDA:40,6,1,2
BRDA:40,7,0,2
BRDA:40,7,1,2
BRDA:40,8,0,0
BRDA:40,8,1,2
BRDA:40,9,0,2
BRDA:40,9,1,2
BRF:20
BRH:17
end_of_record
TN:
SF:src/utils/GenerateRandomString.ts
FN:1,(anonymous_0)
FNF:1
FNH:1
FNDA:34,(anonymous_0)
DA:1,8
DA:2,34
DA:4,34
DA:5,1
DA:8,34
DA:9,34
DA:10,550
DA:12,34
LF:8
LH:8
BRDA:1,0,0,32
BRDA:4,1,0,1
BRDA:4,1,1,33
BRF:3
BRH:3
end_of_record
TN:
SF:src/utils/GetRequiredFields.ts
FN:3,(anonymous_0)
FN:5,(anonymous_1)
FNF:2
FNH:2
FNDA:2,(anonymous_0)
FNDA:5,(anonymous_1)
DA:3,15
DA:4,2
DA:6,5
DA:8,5
DA:10,2
DA:12,2
LF:6
LH:6
BRDA:6,0,0,3
BRDA:6,0,1,2
BRDA:6,1,0,0
BRDA:6,1,1,2
BRDA:6,2,0,2
BRDA:6,2,1,2
BRDA:8,3,0,3
BRDA:8,3,1,2
BRDA:10,4,0,1
BRDA:10,4,1,1
BRF:10
BRH:9
end_of_record
TN:
SF:src/utils/Icon.ts
FN:4,(anonymous_0)
FN:12,(anonymous_1)
FNF:2
FNH:2
FNDA:22,(anonymous_0)
FNDA:2,(anonymous_1)
DA:2,17
DA:4,17
DA:5,22
DA:6,22
DA:7,185
DA:9,22
DA:12,17
DA:13,2
LF:8
LH:8
BRDA:7,0,0,25
BRDA:7,0,1,160
BRF:2
BRH:2
end_of_record
TN:
SF:src/utils/Input.ts
FN:7,(anonymous_0)
FNF:1
FNH:1
FNDA:4,(anonymous_0)
DA:7,4
LF:1
LH:1
BRF:0
BRH:0
end_of_record
TN:
SF:src/utils/LocalStorage.ts
FN:5,(anonymous_0)
FN:6,(anonymous_1)
FN:9,(anonymous_2)
FN:10,(anonymous_3)
FN:13,(anonymous_4)
FNF:5
FNH:5
FNDA:3,(anonymous_0)
FNDA:2,(anonymous_1)
FNDA:1,(anonymous_2)
FNDA:1,(anonymous_3)
FNDA:1,(anonymous_4)
DA:4,13
DA:5,3
DA:7,2
DA:9,1
DA:11,1
DA:14,1
LF:6
LH:6
BRDA:9,0,0,1
BRDA:9,0,1,0
BRF:2
BRH:1
end_of_record
TN:
SF:src/utils/Object.ts
FN:10,(anonymous_0)
FN:12,(anonymous_1)
FN:21,(anonymous_2)
FN:22,(anonymous_3)
FN:31,(anonymous_4)
FN:40,(anonymous_5)
FNF:6
FNH:6
FNDA:4,(anonymous_0)
FNDA:6,(anonymous_1)
FNDA:1,(anonymous_2)
FNDA:6,(anonymous_3)
FNDA:2,(anonymous_4)
FNDA:1,(anonymous_5)
DA:10,20
DA:11,4
DA:12,6
DA:21,20
DA:22,6
DA:31,20
DA:40,20
DA:41,1
DA:42,2
DA:43,1
LF:10
LH:10
BRDA:11,0,0,2
BRDA:11,0,1,2
BRDA:11,1,0,4
BRDA:11,1,1,2
BRF:4
BRH:4
end_of_record
TN:
SF:src/utils/ObjectManagement.tsx
FN:3,(anonymous_0)
FN:5,(anonymous_1)
FNF:2
FNH:2
FNDA:2,(anonymous_0)
FNDA:8,(anonymous_1)
DA:3,2
DA:4,2
DA:5,8
LF:3
LH:3
BRDA:7,0,0,8
BRDA:7,0,1,6
BRDA:7,1,0,4
BRDA:7,1,1,4
BRDA:7,2,0,8
BRDA:7,2,1,8
BRF:6
BRH:6
end_of_record
TN:
SF:src/utils/Params.ts
FN:4,(anonymous_0)
FNF:1
FNH:1
FNDA:3,(anonymous_0)
DA:1,33
DA:4,33
DA:5,3
LF:3
LH:3
BRDA:4,0,0,1
BRDA:4,1,0,1
BRDA:5,2,0,2
BRDA:5,2,1,1
BRDA:5,3,0,1
BRDA:5,3,1,2
BRF:6
BRH:6
end_of_record
TN:
SF:src/utils/Pdf.ts
FN:4,(anonymous_0)
FN:6,(anonymous_1)
FN:14,(anonymous_2)
FNF:3
FNH:3
FNDA:29,(anonymous_0)
FNDA:7,(anonymous_1)
FNDA:7,(anonymous_2)
DA:1,3
DA:4,29
DA:6,3
DA:7,7
DA:14,7
LF:5
LH:5
BRF:0
BRH:0
end_of_record
TN:
SF:src/utils/RequestError.ts
FN:2,(anonymous_0)
FNF:1
FNH:1
FNDA:3,(anonymous_0)
DA:2,18
DA:3,3
DA:4,3
LF:3
LH:3
BRDA:3,0,0,2
BRDA:3,1,0,2
BRDA:3,1,1,1
BRDA:3,2,0,3
BRDA:3,2,1,3
BRDA:3,3,0,0
BRDA:3,3,1,3
BRDA:3,4,0,3
BRDA:3,4,1,3
BRDA:3,5,0,0
BRDA:3,5,1,3
BRDA:3,6,0,3
BRDA:3,6,1,3
BRDA:4,7,0,3
BRDA:4,7,1,0
BRDA:4,8,0,3
BRDA:4,8,1,3
BRF:17
BRH:14
end_of_record
TN:
SF:src/utils/UserRoles.tsx
FN:9,(anonymous_0)
FN:10,(anonymous_1)
FNF:2
FNH:2
FNDA:26,(anonymous_0)
FNDA:2,(anonymous_1)
DA:9,10
DA:10,26
LF:2
LH:2
BRDA:10,0,0,1
BRDA:10,0,1,25
BRDA:10,1,0,26
BRDA:10,1,1,26
BRDA:10,2,0,25
BRDA:10,2,1,1
BRDA:10,3,0,26
BRDA:10,3,1,26
BRDA:10,4,0,0
BRDA:10,4,1,26
BRDA:10,5,0,26
BRDA:10,5,1,26
BRF:12
BRH:11
end_of_record
TN:
SF:src/utils/env.ts
FN:1,(anonymous_0)
FNF:1
FNH:1
FNDA:2,(anonymous_0)
DA:1,1
DA:2,2
DA:4,2
DA:6,1
DA:7,1
DA:10,0
DA:13,1
LF:7
LH:6
BRDA:2,0,0,0
BRDA:2,0,1,2
BRDA:2,1,0,2
BRDA:2,1,1,2
BRDA:2,2,0,0
BRDA:2,2,1,2
BRDA:2,3,0,2
BRDA:2,3,1,2
BRDA:4,4,0,1
BRDA:4,4,1,1
BRDA:4,5,0,2
BRDA:4,5,1,1
BRDA:10,6,0,0
BRDA:10,6,1,0
BRDA:10,7,0,0
BRDA:10,7,1,0
BRF:16
BRH:10
end_of_record
